<?xml version="1.0" encoding="UTF-8"?>
<testsuites>
  <testsuite name="CLI Arguments" tests="195" assertions="8835" errors="0" failures="6" skipped="0" time="74.074220">
    <testsuite name="Tests\tests\Feature\Module01\AuthAndTenancyTest" file="tests\tests\Feature\Module01\AuthAndTenancyTest.php" tests="13" assertions="37" errors="0" failures="2" skipped="0" time="4.413202">
      <testcase name="user can login with correct credentials plus the emailed code" file="tests\tests\Feature\Module01\AuthAndTenancyTest.php::user can login with correct credentials plus the emailed code" class="Tests\tests\Feature\Module01\AuthAndTenancyTest" classname="Tests.tests.Feature.Module01.AuthAndTenancyTest" assertions="3" time="0.476722"/>
      <testcase name="user cannot login with wrong credentials" file="tests\tests\Feature\Module01\AuthAndTenancyTest.php::user cannot login with wrong credentials" class="Tests\tests\Feature\Module01\AuthAndTenancyTest" classname="Tests.tests.Feature.Module01.AuthAndTenancyTest" assertions="1" time="0.121979"/>
      <testcase name="tenant a cannot see tenant b products" file="tests\tests\Feature\Module01\AuthAndTenancyTest.php::tenant a cannot see tenant b products" class="Tests\tests\Feature\Module01\AuthAndTenancyTest" classname="Tests.tests.Feature.Module01.AuthAndTenancyTest" assertions="2" time="0.233752"/>
      <testcase name="tenant a cannot see tenant b sales" file="tests\tests\Feature\Module01\AuthAndTenancyTest.php::tenant a cannot see tenant b sales" class="Tests\tests\Feature\Module01\AuthAndTenancyTest" classname="Tests.tests.Feature.Module01.AuthAndTenancyTest" assertions="2" time="0.197231"/>
      <testcase name="tenant a cannot see tenant b parties" file="tests\tests\Feature\Module01\AuthAndTenancyTest.php::tenant a cannot see tenant b parties" class="Tests\tests\Feature\Module01\AuthAndTenancyTest" classname="Tests.tests.Feature.Module01.AuthAndTenancyTest" assertions="2" time="0.197116"/>
      <testcase name="suspended tenant gets StoreSuspended page" file="tests\tests\Feature\Module01\AuthAndTenancyTest.php::suspended tenant gets StoreSuspended page" class="Tests\tests\Feature\Module01\AuthAndTenancyTest" classname="Tests.tests.Feature.Module01.AuthAndTenancyTest" assertions="10" time="0.508766"/>
      <testcase name="cashier cannot access admin expenses route" file="tests\tests\Feature\Module01\AuthAndTenancyTest.php::cashier cannot access admin expenses route" class="Tests\tests\Feature\Module01\AuthAndTenancyTest" classname="Tests.tests.Feature.Module01.AuthAndTenancyTest" assertions="1" time="0.444900"/>
      <testcase name="superadmin can access venqore routes" file="tests\tests\Feature\Module01\AuthAndTenancyTest.php::superadmin can access venqore routes" class="Tests\tests\Feature\Module01\AuthAndTenancyTest" classname="Tests.tests.Feature.Module01.AuthAndTenancyTest" assertions="1" time="0.210051"/>
      <testcase name="regular user cannot access venqore routes" file="tests\tests\Feature\Module01\AuthAndTenancyTest.php::regular user cannot access venqore routes" class="Tests\tests\Feature\Module01\AuthAndTenancyTest" classname="Tests.tests.Feature.Module01.AuthAndTenancyTest" assertions="1" time="0.278166">
        <failure type="PHPUnit\Framework\ExpectationFailedException">regular user cannot access venqore routesExpected response status code [404] but received 302.
Failed asserting that 302 is identical to 404.&#13;
at vendor\laravel\framework\src\Illuminate\Testing\TestResponseAssert.php:45
at vendor\laravel\framework\src\Illuminate\Testing\TestResponse.php:175
at tests\tests\Feature\Module01\AuthAndTenancyTest.php:159</failure>
      </testcase>
      <testcase name="guest cannot access venqore routes" file="tests\tests\Feature\Module01\AuthAndTenancyTest.php::guest cannot access venqore routes" class="Tests\tests\Feature\Module01\AuthAndTenancyTest" classname="Tests.tests.Feature.Module01.AuthAndTenancyTest" assertions="1" time="0.072558">
        <failure type="PHPUnit\Framework\ExpectationFailedException">guest cannot access venqore routesExpected response status code [404] but received 302.
Failed asserting that 302 is identical to 404.&#13;
at vendor\laravel\framework\src\Illuminate\Testing\TestResponseAssert.php:45
at vendor\laravel\framework\src\Illuminate\Testing\TestResponse.php:175
at tests\tests\Feature\Module01\AuthAndTenancyTest.php:165</failure>
      </testcase>
      <testcase name="user can log in via POS PIN with valid credentials" file="tests\tests\Feature\Module01\AuthAndTenancyTest.php::user can log in via POS PIN with valid credentials" class="Tests\tests\Feature\Module01\AuthAndTenancyTest" classname="Tests.tests.Feature.Module01.AuthAndTenancyTest" assertions="5" time="0.398464"/>
      <testcase name="user cannot log in via POS PIN with invalid credentials" file="tests\tests\Feature\Module01\AuthAndTenancyTest.php::user cannot log in via POS PIN with invalid credentials" class="Tests\tests\Feature\Module01\AuthAndTenancyTest" classname="Tests.tests.Feature.Module01.AuthAndTenancyTest" assertions="3" time="0.368690"/>
      <testcase name="session switching regenerates session id and clears store specific session keys" file="tests\tests\Feature\Module01\AuthAndTenancyTest.php::session switching regenerates session id and clears store specific session keys" class="Tests\tests\Feature\Module01\AuthAndTenancyTest" classname="Tests.tests.Feature.Module01.AuthAndTenancyTest" assertions="5" time="0.904808"/>
    </testsuite>
    <testsuite name="Tests\tests\Feature\Module02\StoreCreationAndProvisioningTest" file="tests\tests\Feature\Module02\StoreCreationAndProvisioningTest.php" tests="14" assertions="54" errors="0" failures="1" skipped="0" time="4.049151">
      <testcase name="owner can create store successfully" file="tests\tests\Feature\Module02\StoreCreationAndProvisioningTest.php::owner can create store successfully" class="Tests\tests\Feature\Module02\StoreCreationAndProvisioningTest" classname="Tests.tests.Feature.Module02.StoreCreationAndProvisioningTest" assertions="10" time="0.516664"/>
      <testcase name="store creation seeds default data" file="tests\tests\Feature\Module02\StoreCreationAndProvisioningTest.php::store creation seeds default data" class="Tests\tests\Feature\Module02\StoreCreationAndProvisioningTest" classname="Tests.tests.Feature.Module02.StoreCreationAndProvisioningTest" assertions="3" time="0.416443">
        <failure type="PHPUnit\Framework\ExpectationFailedException">store creation seeds default dataFailed asserting that 10 matches expected 9.&#13;
at tests\tests\Feature\Module02\StoreCreationAndProvisioningTest.php:94</failure>
      </testcase>
      <testcase name="ltd tier1 blocked after 1 store" file="tests\tests\Feature\Module02\StoreCreationAndProvisioningTest.php::ltd tier1 blocked after 1 store" class="Tests\tests\Feature\Module02\StoreCreationAndProvisioningTest" classname="Tests.tests.Feature.Module02.StoreCreationAndProvisioningTest" assertions="4" time="0.308589"/>
      <testcase name="ltd tier2 blocked after 2 stores" file="tests\tests\Feature\Module02\StoreCreationAndProvisioningTest.php::ltd tier2 blocked after 2 stores" class="Tests\tests\Feature\Module02\StoreCreationAndProvisioningTest" classname="Tests.tests.Feature.Module02.StoreCreationAndProvisioningTest" assertions="4" time="0.357505"/>
      <testcase name="ltd tier3 blocked after 5 stores" file="tests\tests\Feature\Module02\StoreCreationAndProvisioningTest.php::ltd tier3 blocked after 5 stores" class="Tests\tests\Feature\Module02\StoreCreationAndProvisioningTest" classname="Tests.tests.Feature.Module02.StoreCreationAndProvisioningTest" assertions="4" time="0.558870"/>
      <testcase name="store creation does not fail when woocommerce env not set" file="tests\tests\Feature\Module02\StoreCreationAndProvisioningTest.php::store creation does not fail when woocommerce env not set" class="Tests\tests\Feature\Module02\StoreCreationAndProvisioningTest" classname="Tests.tests.Feature.Module02.StoreCreationAndProvisioningTest" assertions="3" time="0.288088"/>
      <testcase name="duplicate store name or slug is rejected" file="tests\tests\Feature\Module02\StoreCreationAndProvisioningTest.php::duplicate store name or slug is rejected" class="Tests\tests\Feature\Module02\StoreCreationAndProvisioningTest" classname="Tests.tests.Feature.Module02.StoreCreationAndProvisioningTest" assertions="3" time="0.077261"/>
      <testcase name="reserved subdomain is safely sanitized" file="tests\tests\Feature\Module02\StoreCreationAndProvisioningTest.php::reserved subdomain is safely sanitized" class="Tests\tests\Feature\Module02\StoreCreationAndProvisioningTest" classname="Tests.tests.Feature.Module02.StoreCreationAndProvisioningTest" assertions="5" time="0.290313"/>
      <testcase name="does not create partial store" file="tests\tests\Feature\Module02\StoreCreationAndProvisioningTest.php::does not create partial store" class="Tests\tests\Feature\Module02\StoreCreationAndProvisioningTest" classname="Tests.tests.Feature.Module02.StoreCreationAndProvisioningTest" assertions="2" time="0.082992"/>
      <testcase name="woocommerce webhook isolation regression" file="tests\tests\Feature\Module02\StoreCreationAndProvisioningTest.php::woocommerce webhook isolation regression" class="Tests\tests\Feature\Module02\StoreCreationAndProvisioningTest" classname="Tests.tests.Feature.Module02.StoreCreationAndProvisioningTest" assertions="1" time="0.132025"/>
      <testcase name="woocommerce webhook requires a valid signature" file="tests\tests\Feature\Module02\StoreCreationAndProvisioningTest.php::woocommerce webhook requires a valid signature" class="Tests\tests\Feature\Module02\StoreCreationAndProvisioningTest" classname="Tests.tests.Feature.Module02.StoreCreationAndProvisioningTest" assertions="3" time="0.276146"/>
      <testcase name="store creation has double submit prevention via cache lock" file="tests\tests\Feature\Module02\StoreCreationAndProvisioningTest.php::store creation has double submit prevention via cache lock" class="Tests\tests\Feature\Module02\StoreCreationAndProvisioningTest" classname="Tests.tests.Feature.Module02.StoreCreationAndProvisioningTest" assertions="6" time="0.299539"/>
      <testcase name="onboarding setup completion has double submit lock" file="tests\tests\Feature\Module02\StoreCreationAndProvisioningTest.php::onboarding setup completion has double submit lock" class="Tests\tests\Feature\Module02\StoreCreationAndProvisioningTest" classname="Tests.tests.Feature.Module02.StoreCreationAndProvisioningTest" assertions="4" time="0.314284"/>
      <testcase name="process webhook job binds tenant context in queue" file="tests\tests\Feature\Module02\StoreCreationAndProvisioningTest.php::process webhook job binds tenant context in queue" class="Tests\tests\Feature\Module02\StoreCreationAndProvisioningTest" classname="Tests.tests.Feature.Module02.StoreCreationAndProvisioningTest" assertions="2" time="0.130432"/>
    </testsuite>
    <testsuite name="Tests\tests\Feature\Module03\PosTerminalTest" file="tests\tests\Feature\Module03\PosTerminalTest.php" tests="12" assertions="36" errors="0" failures="0" skipped="0" time="4.482295">
      <testcase name="featured products endpoint returns top sold items with positive stock" file="tests\tests\Feature\Module03\PosTerminalTest.php::featured products endpoint returns top sold items with positive stock" class="Tests\tests\Feature\Module03\PosTerminalTest" classname="Tests.tests.Feature.Module03.PosTerminalTest" assertions="2" time="0.410631"/>
      <testcase name="pos api rate limiter blocks requests after 300 hits per minute" file="tests\tests\Feature\Module03\PosTerminalTest.php::pos api rate limiter blocks requests after 300 hits per minute" class="Tests\tests\Feature\Module03\PosTerminalTest" classname="Tests.tests.Feature.Module03.PosTerminalTest" assertions="2" time="0.266444"/>
      <testcase name="product search is strictly isolated between tenants" file="tests\tests\Feature\Module03\PosTerminalTest.php::product search is strictly isolated between tenants" class="Tests\tests\Feature\Module03\PosTerminalTest" classname="Tests.tests.Feature.Module03.PosTerminalTest" assertions="3" time="0.584821"/>
      <testcase name="product search returns wholesale price for wholesale customers when pricing is enabled" file="tests\tests\Feature\Module03\PosTerminalTest.php::product search returns wholesale price for wholesale customers when pricing is enabled" class="Tests\tests\Feature\Module03\PosTerminalTest" classname="Tests.tests.Feature.Module03.PosTerminalTest" assertions="6" time="0.432592"/>
      <testcase name="drm offline lock restricts usage when license is invalid offline" file="tests\tests\Feature\Module03\PosTerminalTest.php::drm offline lock restricts usage when license is invalid offline" class="Tests\tests\Feature\Module03\PosTerminalTest" classname="Tests.tests.Feature.Module03.PosTerminalTest" assertions="1" time="0.323489"/>
      <testcase name="serial tracking validation checks serial numbers at checkout" file="tests\tests\Feature\Module03\PosTerminalTest.php::serial tracking validation checks serial numbers at checkout" class="Tests\tests\Feature\Module03\PosTerminalTest" classname="Tests.tests.Feature.Module03.PosTerminalTest" assertions="5" time="0.532557"/>
      <testcase name="barcode generator renders valid barcode svg or png" file="tests\tests\Feature\Module03\PosTerminalTest.php::barcode generator renders valid barcode svg or png" class="Tests\tests\Feature\Module03\PosTerminalTest" classname="Tests.tests.Feature.Module03.PosTerminalTest" assertions="6" time="0.315384"/>
      <testcase name="throws 400 validation error if barcode generator value is an array to prevent 500 TypeError crash" file="tests\tests\Feature\Module03\PosTerminalTest.php::throws 400 validation error if barcode generator value is an array to prevent 500 TypeError crash" class="Tests\tests\Feature\Module03\PosTerminalTest" classname="Tests.tests.Feature.Module03.PosTerminalTest" assertions="2" time="0.320602"/>
      <testcase name="blocks access if client clock is tampered to be before last_validated_at or last_online_at" file="tests\tests\Feature\Module03\PosTerminalTest.php::blocks access if client clock is tampered to be before last_validated_at or last_online_at" class="Tests\tests\Feature\Module03\PosTerminalTest" classname="Tests.tests.Feature.Module03.PosTerminalTest" assertions="2" time="0.234132"/>
      <testcase name="blocks access if client clock is set backward to be before latest transaction timestamp in the database" file="tests\tests\Feature\Module03\PosTerminalTest.php::blocks access if client clock is set backward to be before latest transaction timestamp in the database" class="Tests\tests\Feature\Module03\PosTerminalTest" classname="Tests.tests.Feature.Module03.PosTerminalTest" assertions="2" time="0.343529"/>
      <testcase name="applies product default price when quantity is below first price tier minimum quantity" file="tests\tests\Feature\Module03\PosTerminalTest.php::applies product default price when quantity is below first price tier minimum quantity" class="Tests\tests\Feature\Module03\PosTerminalTest" classname="Tests.tests.Feature.Module03.PosTerminalTest" assertions="2" time="0.467414"/>
      <testcase name="applies wholesale price when settings allow and meets wholesale customer rule" file="tests\tests\Feature\Module03\PosTerminalTest.php::applies wholesale price when settings allow and meets wholesale customer rule" class="Tests\tests\Feature\Module03\PosTerminalTest" classname="Tests.tests.Feature.Module03.PosTerminalTest" assertions="3" time="0.250700"/>
    </testsuite>
    <testsuite name="Tests\tests\Feature\Module04\PaymentProcessingTest" file="tests\tests\Feature\Module04\PaymentProcessingTest.php" tests="8" assertions="50" errors="0" failures="0" skipped="0" time="3.989657">
      <testcase name="split payment with cash, bank, and credit ledger legs" file="tests\tests\Feature\Module04\PaymentProcessingTest.php::split payment with cash, bank, and credit ledger legs" class="Tests\tests\Feature\Module04\PaymentProcessingTest" classname="Tests.tests.Feature.Module04.PaymentProcessingTest" assertions="14" time="0.458025"/>
      <testcase name="plan limit enforcement blocks 6th transaction when limit is 5" file="tests\tests\Feature\Module04\PaymentProcessingTest.php::plan limit enforcement blocks 6th transaction when limit is 5" class="Tests\tests\Feature\Module04\PaymentProcessingTest" classname="Tests.tests.Feature.Module04.PaymentProcessingTest" assertions="13" time="0.743531"/>
      <testcase name="negative stock blocking enforcement based on system settings" file="tests\tests\Feature\Module04\PaymentProcessingTest.php::negative stock blocking enforcement based on system settings" class="Tests\tests\Feature\Module04\PaymentProcessingTest" classname="Tests.tests.Feature.Module04.PaymentProcessingTest" assertions="5" time="0.470895"/>
      <testcase name="discount waterfall calculations are precise and correct" file="tests\tests\Feature\Module04\PaymentProcessingTest.php::discount waterfall calculations are precise and correct" class="Tests\tests\Feature\Module04\PaymentProcessingTest" classname="Tests.tests.Feature.Module04.PaymentProcessingTest" assertions="5" time="0.498713"/>
      <testcase name="correctly voids all payment table rows when a split-paid sale is cancelled" file="tests\tests\Feature\Module04\PaymentProcessingTest.php::correctly voids all payment table rows when a split-paid sale is cancelled" class="Tests\tests\Feature\Module04\PaymentProcessingTest" classname="Tests.tests.Feature.Module04.PaymentProcessingTest" assertions="6" time="0.518924"/>
      <testcase name="returns a graceful 422 validation error when allocating an overpayment instead of crashing with 500" file="tests\tests\Feature\Module04\PaymentProcessingTest.php::returns a graceful 422 validation error when allocating an overpayment instead of crashing with 500" class="Tests\tests\Feature\Module04\PaymentProcessingTest" classname="Tests.tests.Feature.Module04.PaymentProcessingTest" assertions="2" time="0.432520"/>
      <testcase name="routes sale checkout cash overpayment to Customer Advances Account 2060 in double-entry ledgers" file="tests\tests\Feature\Module04\PaymentProcessingTest.php::routes sale checkout cash overpayment to Customer Advances Account 2060 in double-entry ledgers" class="Tests\tests\Feature\Module04\PaymentProcessingTest" classname="Tests.tests.Feature.Module04.PaymentProcessingTest" assertions="3" time="0.434246"/>
      <testcase name="blocks concurrent checkout requests that attempt to exceed the monthly transaction limit" file="tests\tests\Feature\Module04\PaymentProcessingTest.php::blocks concurrent checkout requests that attempt to exceed the monthly transaction limit" class="Tests\tests\Feature\Module04\PaymentProcessingTest" classname="Tests.tests.Feature.Module04.PaymentProcessingTest" assertions="2" time="0.432802"/>
    </testsuite>
    <testsuite name="Tests\tests\Feature\Module05\FinancialEngineTest" file="tests\tests\Feature\Module05\FinancialEngineTest.php" tests="22" assertions="48" errors="0" failures="0" skipped="0" time="4.811762">
      <testcase name="balanced journal entry persists with correct debit and credit lines" file="tests\tests\Feature\Module05\FinancialEngineTest.php::balanced journal entry persists with correct debit and credit lines" class="Tests\tests\Feature\Module05\FinancialEngineTest" classname="Tests.tests.Feature.Module05.FinancialEngineTest" assertions="4" time="0.245059"/>
      <testcase name="trial balance is zero after one or many balanced entries" file="tests\tests\Feature\Module05\FinancialEngineTest.php::trial balance is zero after one or many balanced entries" class="Tests\tests\Feature\Module05\FinancialEngineTest" classname="Tests.tests.Feature.Module05.FinancialEngineTest" assertions="1" time="0.207123"/>
      <testcase name="createEntry throws InvalidArgumentException for unbalanced entry" file="tests\tests\Feature\Module05\FinancialEngineTest.php::createEntry throws InvalidArgumentException for unbalanced entry" class="Tests\tests\Feature\Module05\FinancialEngineTest" classname="Tests.tests.Feature.Module05.FinancialEngineTest" assertions="2" time="0.185567"/>
      <testcase name="createEntry throws if a line has both debit and credit greater than zero" file="tests\tests\Feature\Module05\FinancialEngineTest.php::createEntry throws if a line has both debit and credit greater than zero" class="Tests\tests\Feature\Module05\FinancialEngineTest" classname="Tests.tests.Feature.Module05.FinancialEngineTest" assertions="1" time="0.181832"/>
      <testcase name="createEntry throws if a line has both debit and credit equal to zero" file="tests\tests\Feature\Module05\FinancialEngineTest.php::createEntry throws if a line has both debit and credit equal to zero" class="Tests\tests\Feature\Module05\FinancialEngineTest" classname="Tests.tests.Feature.Module05.FinancialEngineTest" assertions="1" time="0.190884"/>
      <testcase name="createEntry throws if account_code does not exist for the current tenant" file="tests\tests\Feature\Module05\FinancialEngineTest.php::createEntry throws if account_code does not exist for the current tenant" class="Tests\tests\Feature\Module05\FinancialEngineTest" classname="Tests.tests.Feature.Module05.FinancialEngineTest" assertions="2" time="0.195717"/>
      <testcase name="AccountingService throws RuntimeException without tenant context" file="tests\tests\Feature\Module05\FinancialEngineTest.php::AccountingService throws RuntimeException without tenant context" class="Tests\tests\Feature\Module05\FinancialEngineTest" classname="Tests.tests.Feature.Module05.FinancialEngineTest" assertions="1" time="0.132453"/>
      <testcase name="journal entries from tenant A are not visible under tenant B context" file="tests\tests\Feature\Module05\FinancialEngineTest.php::journal entries from tenant A are not visible under tenant B context" class="Tests\tests\Feature\Module05\FinancialEngineTest" classname="Tests.tests.Feature.Module05.FinancialEngineTest" assertions="1" time="0.341197"/>
      <testcase name="reverseEntry creates a new entry with swapped debits and credits" file="tests\tests\Feature\Module05\FinancialEngineTest.php::reverseEntry creates a new entry with swapped debits and credits" class="Tests\tests\Feature\Module05\FinancialEngineTest" classname="Tests.tests.Feature.Module05.FinancialEngineTest" assertions="4" time="0.214996"/>
      <testcase name="reverseEntry marks the original journal entry as is_reversed = 1" file="tests\tests\Feature\Module05\FinancialEngineTest.php::reverseEntry marks the original journal entry as is_reversed = 1" class="Tests\tests\Feature\Module05\FinancialEngineTest" classname="Tests.tests.Feature.Module05.FinancialEngineTest" assertions="2" time="0.205302"/>
      <testcase name="reverseEntry throws LogicException when entry is already reversed" file="tests\tests\Feature\Module05\FinancialEngineTest.php::reverseEntry throws LogicException when entry is already reversed" class="Tests\tests\Feature\Module05\FinancialEngineTest" classname="Tests.tests.Feature.Module05.FinancialEngineTest" assertions="2" time="0.227133"/>
      <testcase name="reverseEntry throws InvalidArgumentException for a non-existent entry" file="tests\tests\Feature\Module05\FinancialEngineTest.php::reverseEntry throws InvalidArgumentException for a non-existent entry" class="Tests\tests\Feature\Module05\FinancialEngineTest" classname="Tests.tests.Feature.Module05.FinancialEngineTest" assertions="2" time="0.181556"/>
      <testcase name="getBalance returns net debit balance for a debit-normal account" file="tests\tests\Feature\Module05\FinancialEngineTest.php::getBalance returns net debit balance for a debit-normal account" class="Tests\tests\Feature\Module05\FinancialEngineTest" classname="Tests.tests.Feature.Module05.FinancialEngineTest" assertions="1" time="0.209942"/>
      <testcase name="getBalance returns net credit balance for a credit-normal account" file="tests\tests\Feature\Module05\FinancialEngineTest.php::getBalance returns net credit balance for a credit-normal account" class="Tests\tests\Feature\Module05\FinancialEngineTest" classname="Tests.tests.Feature.Module05.FinancialEngineTest" assertions="1" time="0.193016"/>
      <testcase name="getBalance excludes journal items belonging to reversed entries" file="tests\tests\Feature\Module05\FinancialEngineTest.php::getBalance excludes journal items belonging to reversed entries" class="Tests\tests\Feature\Module05\FinancialEngineTest" classname="Tests.tests.Feature.Module05.FinancialEngineTest" assertions="2" time="0.216967"/>
      <testcase name="getBalance asOf date excludes future entries" file="tests\tests\Feature\Module05\FinancialEngineTest.php::getBalance asOf date excludes future entries" class="Tests\tests\Feature\Module05\FinancialEngineTest" classname="Tests.tests.Feature.Module05.FinancialEngineTest" assertions="2" time="0.199389"/>
      <testcase name="getAccountByCode creates an account when the code does not exist" file="tests\tests\Feature\Module05\FinancialEngineTest.php::getAccountByCode creates an account when the code does not exist" class="Tests\tests\Feature\Module05\FinancialEngineTest" classname="Tests.tests.Feature.Module05.FinancialEngineTest" assertions="6" time="0.189619"/>
      <testcase name="accounts:recalculate command updates account balance from journal entries" file="tests\tests\Feature\Module05\FinancialEngineTest.php::accounts:recalculate command updates account balance from journal entries" class="Tests\tests\Feature\Module05\FinancialEngineTest" classname="Tests.tests.Feature.Module05.FinancialEngineTest" assertions="3" time="0.299963"/>
      <testcase name="accounts:recalculate --tenant option does not recalculate balances for other tenants" file="tests\tests\Feature\Module05\FinancialEngineTest.php::accounts:recalculate --tenant option does not recalculate balances for other tenants" class="Tests\tests\Feature\Module05\FinancialEngineTest" classname="Tests.tests.Feature.Module05.FinancialEngineTest" assertions="1" time="0.343394"/>
      <testcase name="finance:audit command creates missing payment record for a paid sale" file="tests\tests\Feature\Module05\FinancialEngineTest.php::finance:audit command creates missing payment record for a paid sale" class="Tests\tests\Feature\Module05\FinancialEngineTest" classname="Tests.tests.Feature.Module05.FinancialEngineTest" assertions="5" time="0.233290"/>
      <testcase name="createEntry rounds each line item to two decimal places before validation to prevent database imbalance" file="tests\tests\Feature\Module05\FinancialEngineTest.php::createEntry rounds each line item to two decimal places before validation to prevent database imbalance" class="Tests\tests\Feature\Module05\FinancialEngineTest" classname="Tests.tests.Feature.Module05.FinancialEngineTest" assertions="2" time="0.185314"/>
      <testcase name="recalculate command wraps updates in a database transaction to prevent partial writes" file="tests\tests\Feature\Module05\FinancialEngineTest.php::recalculate command wraps updates in a database transaction to prevent partial writes" class="Tests\tests\Feature\Module05\FinancialEngineTest" classname="Tests.tests.Feature.Module05.FinancialEngineTest" assertions="2" time="0.232047"/>
    </testsuite>
    <testsuite name="Tests\tests\Feature\Module06\SalesEcosystemTest" file="tests\tests\Feature\Module06\SalesEcosystemTest.php" tests="8" assertions="52" errors="0" failures="1" skipped="0" time="3.233179">
      <testcase name="posted_invoice_returns_403_on_edit_attempt" file="tests\tests\Feature\Module06\SalesEcosystemTest.php::posted_invoice_returns_403_on_edit_attempt" class="Tests\tests\Feature\Module06\SalesEcosystemTest" classname="Tests.tests.Feature.Module06.SalesEcosystemTest" assertions="2" time="0.338479"/>
      <testcase name="proposal_to_sale_conversion_transfers_fields_and_no_duplicate_journals" file="tests\tests\Feature\Module06\SalesEcosystemTest.php::proposal_to_sale_conversion_transfers_fields_and_no_duplicate_journals" class="Tests\tests\Feature\Module06\SalesEcosystemTest" classname="Tests.tests.Feature.Module06.SalesEcosystemTest" assertions="10" time="0.415079"/>
      <testcase name="v3_quotation_to_sales_order_conversion" file="tests\tests\Feature\Module06\SalesEcosystemTest.php::v3_quotation_to_sales_order_conversion" class="Tests\tests\Feature\Module06\SalesEcosystemTest" classname="Tests.tests.Feature.Module06.SalesEcosystemTest" assertions="4" time="0.362420"/>
      <testcase name="sales_orders_stock_hold_and_conversion_to_sale" file="tests\tests\Feature\Module06\SalesEcosystemTest.php::sales_orders_stock_hold_and_conversion_to_sale" class="Tests\tests\Feature\Module06\SalesEcosystemTest" classname="Tests.tests.Feature.Module06.SalesEcosystemTest" assertions="7" time="0.439566">
        <failure type="PHPUnit\Framework\ExpectationFailedException">sales_orders_stock_hold_and_conversion_to_saleFailed asserting that '10.0000' matches expected 2.&#13;
at tests\tests\Feature\Module06\SalesEcosystemTest.php:229</failure>
      </testcase>
      <testcase name="recurring invoice generation creates a correct new invoice with line items" file="tests\tests\Feature\Module06\SalesEcosystemTest.php::recurring invoice generation creates a correct new invoice with line items" class="Tests\tests\Feature\Module06\SalesEcosystemTest" classname="Tests.tests.Feature.Module06.SalesEcosystemTest" assertions="5" time="0.479806"/>
      <testcase name="duplicate conversion prevention via status guards and locks" file="tests\tests\Feature\Module06\SalesEcosystemTest.php::duplicate conversion prevention via status guards and locks" class="Tests\tests\Feature\Module06\SalesEcosystemTest" classname="Tests.tests.Feature.Module06.SalesEcosystemTest" assertions="7" time="0.360905"/>
      <testcase name="sales conversion mapping retains discounts tax and net sales" file="tests\tests\Feature\Module06\SalesEcosystemTest.php::sales conversion mapping retains discounts tax and net sales" class="Tests\tests\Feature\Module06\SalesEcosystemTest" classname="Tests.tests.Feature.Module06.SalesEcosystemTest" assertions="13" time="0.447208"/>
      <testcase name="sales order completion and cancellation releases inventory" file="tests\tests\Feature\Module06\SalesEcosystemTest.php::sales order completion and cancellation releases inventory" class="Tests\tests\Feature\Module06\SalesEcosystemTest" classname="Tests.tests.Feature.Module06.SalesEcosystemTest" assertions="4" time="0.389715"/>
    </testsuite>
    <testsuite name="Tests\tests\Feature\Module07\ProcurementTest" file="tests\tests\Feature\Module07\ProcurementTest.php" tests="6" assertions="27" errors="0" failures="0" skipped="0" time="2.284038">
      <testcase name="fifo_batch_creation_on_purchase" file="tests\tests\Feature\Module07\ProcurementTest.php::fifo_batch_creation_on_purchase" class="Tests\tests\Feature\Module07\ProcurementTest" classname="Tests.tests.Feature.Module07.ProcurementTest" assertions="2" time="0.424101"/>
      <testcase name="purchase_does_not_overwrite_product_base_cost_price" file="tests\tests\Feature\Module07\ProcurementTest.php::purchase_does_not_overwrite_product_base_cost_price" class="Tests\tests\Feature\Module07\ProcurementTest" classname="Tests.tests.Feature.Module07.ProcurementTest" assertions="3" time="0.411687"/>
      <testcase name="partial_receiving_updates_order_status_and_stock_correctly" file="tests\tests\Feature\Module07\ProcurementTest.php::partial_receiving_updates_order_status_and_stock_correctly" class="Tests\tests\Feature\Module07\ProcurementTest" classname="Tests.tests.Feature.Module07.ProcurementTest" assertions="8" time="0.421408"/>
      <testcase name="fifo_batch_poisoning_prevented_on_negative_or_zero_values" file="tests\tests\Feature\Module07\ProcurementTest.php::fifo_batch_poisoning_prevented_on_negative_or_zero_values" class="Tests\tests\Feature\Module07\ProcurementTest" classname="Tests.tests.Feature.Module07.ProcurementTest" assertions="4" time="0.186766"/>
      <testcase name="multi_click_receiving_prevents_duplicate_batches_and_stock_bloat" file="tests\tests\Feature\Module07\ProcurementTest.php::multi_click_receiving_prevents_duplicate_batches_and_stock_bloat" class="Tests\tests\Feature\Module07\ProcurementTest" classname="Tests.tests.Feature.Module07.ProcurementTest" assertions="4" time="0.433744"/>
      <testcase name="purchase_returns_synchronizes_physical_stock_and_movement_records" file="tests\tests\Feature\Module07\ProcurementTest.php::purchase_returns_synchronizes_physical_stock_and_movement_records" class="Tests\tests\Feature\Module07\ProcurementTest" classname="Tests.tests.Feature.Module07.ProcurementTest" assertions="6" time="0.406331"/>
    </testsuite>
    <testsuite name="Tests\tests\Feature\Module08\InventoryTest" file="tests\tests\Feature\Module08\InventoryTest.php" tests="8" assertions="32" errors="0" failures="0" skipped="0" time="3.096878">
      <testcase name="stock transfer between warehouses preserves total stock" file="tests\tests\Feature\Module08\InventoryTest.php::stock transfer between warehouses preserves total stock" class="Tests\tests\Feature\Module08\InventoryTest" classname="Tests.tests.Feature.Module08.InventoryTest" assertions="4" time="0.472614"/>
      <testcase name="stock take records discrepancy and adjusts stock" file="tests\tests\Feature\Module08\InventoryTest.php::stock take records discrepancy and adjusts stock" class="Tests\tests\Feature\Module08\InventoryTest" classname="Tests.tests.Feature.Module08.InventoryTest" assertions="3" time="0.422066"/>
      <testcase name="autoHealStockIntegrity is not called in normal flow" file="tests\tests\Feature\Module08\InventoryTest.php::autoHealStockIntegrity is not called in normal flow" class="Tests\tests\Feature\Module08\InventoryTest" classname="Tests.tests.Feature.Module08.InventoryTest" assertions="2" time="0.061767"/>
      <testcase name="product edit does not reset stock" file="tests\tests\Feature\Module08\InventoryTest.php::product edit does not reset stock" class="Tests\tests\Feature\Module08\InventoryTest" classname="Tests.tests.Feature.Module08.InventoryTest" assertions="4" time="0.459679"/>
      <testcase name="v3_stock_adjustments_synchronize_physical_stock_and_movement_records" file="tests\tests\Feature\Module08\InventoryTest.php::v3_stock_adjustments_synchronize_physical_stock_and_movement_records" class="Tests\tests\Feature\Module08\InventoryTest" classname="Tests.tests.Feature.Module08.InventoryTest" assertions="5" time="0.408550"/>
      <testcase name="v3_stock_transfers_enforce_tenant_isolation_and_update_physical_stock" file="tests\tests\Feature\Module08\InventoryTest.php::v3_stock_transfers_enforce_tenant_isolation_and_update_physical_stock" class="Tests\tests\Feature\Module08\InventoryTest" classname="Tests.tests.Feature.Module08.InventoryTest" assertions="8" time="0.400797"/>
      <testcase name="prevents v3 stock transfer from reading or mutating another tenants batches" file="tests\tests\Feature\Module08\InventoryTest.php::prevents v3 stock transfer from reading or mutating another tenants batches" class="Tests\tests\Feature\Module08\InventoryTest" classname="Tests.tests.Feature.Module08.InventoryTest" assertions="2" time="0.449668"/>
      <testcase name="manual stock adjustment requires correct passcode when enable_passcode is enabled" file="tests\tests\Feature\Module08\InventoryTest.php::manual stock adjustment requires correct passcode when enable_passcode is enabled" class="Tests\tests\Feature\Module08\InventoryTest" classname="Tests.tests.Feature.Module08.InventoryTest" assertions="4" time="0.421737"/>
    </testsuite>
    <testsuite name="Tests\tests\Feature\Module09\ManufacturingTest" file="tests\tests\Feature\Module09\ManufacturingTest.php" tests="7" assertions="28" errors="0" failures="0" skipped="0" time="2.843356">
      <testcase name="bill_of_materials_defined_correctly" file="tests\tests\Feature\Module09\ManufacturingTest.php::bill_of_materials_defined_correctly" class="Tests\tests\Feature\Module09\ManufacturingTest" classname="Tests.tests.Feature.Module09.ManufacturingTest" assertions="4" time="0.449076"/>
      <testcase name="production run consumes raw materials" file="tests\tests\Feature\Module09\ManufacturingTest.php::production run consumes raw materials" class="Tests\tests\Feature\Module09\ManufacturingTest" classname="Tests.tests.Feature.Module09.ManufacturingTest" assertions="3" time="0.454915"/>
      <testcase name="production run produces finished goods" file="tests\tests\Feature\Module09\ManufacturingTest.php::production run produces finished goods" class="Tests\tests\Feature\Module09\ManufacturingTest" classname="Tests.tests.Feature.Module09.ManufacturingTest" assertions="7" time="0.492995"/>
      <testcase name="auto calculate assembly cost" file="tests\tests\Feature\Module09\ManufacturingTest.php::auto calculate assembly cost" class="Tests\tests\Feature\Module09\ManufacturingTest" classname="Tests.tests.Feature.Module09.ManufacturingTest" assertions="3" time="0.413748"/>
      <testcase name="v3_production_runs_synchronize_physical_stock_and_movement_records" file="tests\tests\Feature\Module09\ManufacturingTest.php::v3_production_runs_synchronize_physical_stock_and_movement_records" class="Tests\tests\Feature\Module09\ManufacturingTest" classname="Tests.tests.Feature.Module09.ManufacturingTest" assertions="6" time="0.451970"/>
      <testcase name="prevents_concurrent_deductions_from_violating_negative_stock_helper_rule" file="tests\tests\Feature\Module09\ManufacturingTest.php::prevents_concurrent_deductions_from_violating_negative_stock_helper_rule" class="Tests\tests\Feature\Module09\ManufacturingTest" classname="Tests.tests.Feature.Module09.ManufacturingTest" assertions="2" time="0.202710"/>
      <testcase name="prevents_deleting_or_archiving_product_when_active_in_any_bom" file="tests\tests\Feature\Module09\ManufacturingTest.php::prevents_deleting_or_archiving_product_when_active_in_any_bom" class="Tests\tests\Feature\Module09\ManufacturingTest" classname="Tests.tests.Feature.Module09.ManufacturingTest" assertions="3" time="0.377943"/>
    </testsuite>
    <testsuite name="Tests\tests\Feature\Module10\WooCommerceTest" file="tests\tests\Feature\Module10\WooCommerceTest.php" tests="6" assertions="16" errors="0" failures="0" skipped="0" time="1.835893">
      <testcase name="woocommerce_failure_does_not_affect_sale_creation" file="tests\tests\Feature\Module10\WooCommerceTest.php::woocommerce_failure_does_not_affect_sale_creation" class="Tests\tests\Feature\Module10\WooCommerceTest" classname="Tests.tests.Feature.Module10.WooCommerceTest" assertions="2" time="0.498107"/>
      <testcase name="webhook_creates_party_and_records_transaction" file="tests\tests\Feature\Module10\WooCommerceTest.php::webhook_creates_party_and_records_transaction" class="Tests\tests\Feature\Module10\WooCommerceTest" classname="Tests.tests.Feature.Module10.WooCommerceTest" assertions="3" time="0.355542"/>
      <testcase name="tampered_webhook_rejected" file="tests\tests\Feature\Module10\WooCommerceTest.php::tampered_webhook_rejected" class="Tests\tests\Feature\Module10\WooCommerceTest" classname="Tests.tests.Feature.Module10.WooCommerceTest" assertions="1" time="0.253995"/>
      <testcase name="webhook_channel_resolution_strictly_isolates_and_verifies_by_uuid" file="tests\tests\Feature\Module10\WooCommerceTest.php::webhook_channel_resolution_strictly_isolates_and_verifies_by_uuid" class="Tests\tests\Feature\Module10\WooCommerceTest" classname="Tests.tests.Feature.Module10.WooCommerceTest" assertions="3" time="0.337809"/>
      <testcase name="sync_engine_initializes_tenant_binding_context_in_queue_jobs" file="tests\tests\Feature\Module10\WooCommerceTest.php::sync_engine_initializes_tenant_binding_context_in_queue_jobs" class="Tests\tests\Feature\Module10\WooCommerceTest" classname="Tests.tests.Feature.Module10.WooCommerceTest" assertions="3" time="0.186594"/>
      <testcase name="unlinked_product_sync_safely_associates_by_sku_without_duplicate_crash" file="tests\tests\Feature\Module10\WooCommerceTest.php::unlinked_product_sync_safely_associates_by_sku_without_duplicate_crash" class="Tests\tests\Feature\Module10\WooCommerceTest" classname="Tests.tests.Feature.Module10.WooCommerceTest" assertions="4" time="0.203846"/>
    </testsuite>
    <testsuite name="Tests\Feature\Module\BusinessTypeCatalogueTest" file="Business Type Catalogue (Tests\Feature\Module\BusinessTypeCatalogue)" tests="8" assertions="3942" errors="0" failures="0" skipped="0" time="0.819186">
      <testcase name="Catalogue has 85 types in 5 sectors" file="Business Type Catalogue (Tests\Feature\Module\BusinessTypeCatalogue)::Catalogue has 85 types in 5 sectors" class="Tests\Feature\Module\BusinessTypeCatalogueTest" classname="Tests.Feature.Module.BusinessTypeCatalogueTest" assertions="172" time="0.058422"/>
      <testcase name="Every type builds on a shippable preset" file="Business Type Catalogue (Tests\Feature\Module\BusinessTypeCatalogue)::Every type builds on a shippable preset" class="Tests\Feature\Module\BusinessTypeCatalogueTest" classname="Tests.Feature.Module.BusinessTypeCatalogueTest" assertions="170" time="0.057176"/>
      <testcase name="Every type switches on live dependency complete modules" file="Business Type Catalogue (Tests\Feature\Module\BusinessTypeCatalogue)::Every type switches on live dependency complete modules" class="Tests\Feature\Module\BusinessTypeCatalogueTest" classname="Tests.Feature.Module.BusinessTypeCatalogueTest" assertions="1371" time="0.054359"/>
      <testcase name="Every renamed word is a real term key" file="Business Type Catalogue (Tests\Feature\Module\BusinessTypeCatalogue)::Every renamed word is a real term key" class="Tests\Feature\Module\BusinessTypeCatalogueTest" classname="Tests.Feature.Module.BusinessTypeCatalogueTest" assertions="288" time="0.056598"/>
      <testcase name="Matcher understands every label and alias" file="Business Type Catalogue (Tests\Feature\Module\BusinessTypeCatalogue)::Matcher understands every label and alias" class="Tests\Feature\Module\BusinessTypeCatalogueTest" classname="Tests.Feature.Module.BusinessTypeCatalogueTest" assertions="1874" time="0.407605"/>
      <testcase name="Matcher passes every fixture sentence" file="Business Type Catalogue (Tests\Feature\Module\BusinessTypeCatalogue)::Matcher passes every fixture sentence" class="Tests\Feature\Module\BusinessTypeCatalogueTest" classname="Tests.Feature.Module.BusinessTypeCatalogueTest" assertions="64" time="0.077247"/>
      <testcase name="A sentence naming no trade is not forced into a type" file="Business Type Catalogue (Tests\Feature\Module\BusinessTypeCatalogue)::A sentence naming no trade is not forced into a type" class="Tests\Feature\Module\BusinessTypeCatalogueTest" classname="Tests.Feature.Module.BusinessTypeCatalogueTest" assertions="2" time="0.052628"/>
      <testcase name="Site json is in sync with the config" file="Business Type Catalogue (Tests\Feature\Module\BusinessTypeCatalogue)::Site json is in sync with the config" class="Tests\Feature\Module\BusinessTypeCatalogueTest" classname="Tests.Feature.Module.BusinessTypeCatalogueTest" assertions="1" time="0.055150"/>
    </testsuite>
    <testsuite name="Tests\Feature\Module\ConfigurationValidatorTest" file="Configuration Validator (Tests\Feature\Module\ConfigurationValidator)" tests="15" assertions="49" errors="0" failures="0" skipped="0" time="0.813435">
      <testcase name="Qore keys are stripped and never mentioned" file="Configuration Validator (Tests\Feature\Module\ConfigurationValidator)::Qore keys are stripped and never mentioned" class="Tests\Feature\Module\ConfigurationValidatorTest" classname="Tests.Feature.Module.ConfigurationValidatorTest" assertions="9" time="0.057943"/>
      <testcase name="Fake module keys are dropped silently" file="Configuration Validator (Tests\Feature\Module\ConfigurationValidator)::Fake module keys are dropped silently" class="Tests\Feature\Module\ConfigurationValidatorTest" classname="Tests.Feature.Module.ConfigurationValidatorTest" assertions="2" time="0.058107"/>
      <testcase name="Everything fake falls back to the preset picker" file="Configuration Validator (Tests\Feature\Module\ConfigurationValidator)::Everything fake falls back to the preset picker" class="Tests\Feature\Module\ConfigurationValidatorTest" classname="Tests.Feature.Module.ConfigurationValidatorTest" assertions="2" time="0.054520"/>
      <testcase name="Markdown fenced json is accepted" file="Configuration Validator (Tests\Feature\Module\ConfigurationValidator)::Markdown fenced json is accepted" class="Tests\Feature\Module\ConfigurationValidatorTest" classname="Tests.Feature.Module.ConfigurationValidatorTest" assertions="2" time="0.056536"/>
      <testcase name="Json buried in prose is recovered" file="Configuration Validator (Tests\Feature\Module\ConfigurationValidator)::Json buried in prose is recovered" class="Tests\Feature\Module\ConfigurationValidatorTest" classname="Tests.Feature.Module.ConfigurationValidatorTest" assertions="1" time="0.051095"/>
      <testcase name="Unrecoverable json falls back instead of throwing" file="Configuration Validator (Tests\Feature\Module\ConfigurationValidator)::Unrecoverable json falls back instead of throwing" class="Tests\Feature\Module\ConfigurationValidatorTest" classname="Tests.Feature.Module.ConfigurationValidatorTest" assertions="8" time="0.056360"/>
      <testcase name="A ten thousand key array does not hang or explode" file="Configuration Validator (Tests\Feature\Module\ConfigurationValidator)::A ten thousand key array does not hang or explode" class="Tests\Feature\Module\ConfigurationValidatorTest" classname="Tests.Feature.Module.ConfigurationValidatorTest" assertions="2" time="0.051145"/>
      <testcase name="Injection payloads die at the unknown key filter" file="Configuration Validator (Tests\Feature\Module\ConfigurationValidator)::Injection payloads die at the unknown key filter" class="Tests\Feature\Module\ConfigurationValidatorTest" classname="Tests.Feature.Module.ConfigurationValidatorTest" assertions="2" time="0.055046"/>
      <testcase name="Prompt injection in the free text changes nothing" file="Configuration Validator (Tests\Feature\Module\ConfigurationValidator)::Prompt injection in the free text changes nothing" class="Tests\Feature\Module\ConfigurationValidatorTest" classname="Tests.Feature.Module.ConfigurationValidatorTest" assertions="2" time="0.051654"/>
      <testcase name="Unfinished modules become coming soon and are never enabled" file="Configuration Validator (Tests\Feature\Module\ConfigurationValidator)::Unfinished modules become coming soon and are never enabled" class="Tests\Feature\Module\ConfigurationValidatorTest" classname="Tests.Feature.Module.ConfigurationValidatorTest" assertions="2" time="0.054614"/>
      <testcase name="Terminology is filtered to real term keys" file="Configuration Validator (Tests\Feature\Module\ConfigurationValidator)::Terminology is filtered to real term keys" class="Tests\Feature\Module\ConfigurationValidatorTest" classname="Tests.Feature.Module.ConfigurationValidatorTest" assertions="4" time="0.052192"/>
      <testcase name="Dashboard cards are filtered to real card keys" file="Configuration Validator (Tests\Feature\Module\ConfigurationValidator)::Dashboard cards are filtered to real card keys" class="Tests\Feature\Module\ConfigurationValidatorTest" classname="Tests.Feature.Module.ConfigurationValidatorTest" assertions="2" time="0.054845"/>
      <testcase name="Confidence is clamped and a bad preset becomes null" file="Configuration Validator (Tests\Feature\Module\ConfigurationValidator)::Confidence is clamped and a bad preset becomes null" class="Tests\Feature\Module\ConfigurationValidatorTest" classname="Tests.Feature.Module.ConfigurationValidatorTest" assertions="2" time="0.051562"/>
      <testcase name="Dependencies are resolved and explained" file="Configuration Validator (Tests\Feature\Module\ConfigurationValidator)::Dependencies are resolved and explained" class="Tests\Feature\Module\ConfigurationValidatorTest" classname="Tests.Feature.Module.ConfigurationValidatorTest" assertions="6" time="0.055021"/>
      <testcase name="The result never exceeds the registry size" file="Configuration Validator (Tests\Feature\Module\ConfigurationValidator)::The result never exceeds the registry size" class="Tests\Feature\Module\ConfigurationValidatorTest" classname="Tests.Feature.Module.ConfigurationValidatorTest" assertions="3" time="0.052794"/>
    </testsuite>
    <testsuite name="Tests\Feature\Module\DataPreservationInvariantTest" file="Data Preservation Invariant (Tests\Feature\Module\DataPreservationInvariant)" tests="4" assertions="19" errors="0" failures="0" skipped="0" time="1.822813">
      <testcase name="Disabling a module never deletes products or business data" file="Data Preservation Invariant (Tests\Feature\Module\DataPreservationInvariant)::Disabling a module never deletes products or business data" class="Tests\Feature\Module\DataPreservationInvariantTest" classname="Tests.Feature.Module.DataPreservationInvariantTest" assertions="6" time="0.307959"/>
      <testcase name="Background double entry ledger records even when reporting or pos are toggled" file="Data Preservation Invariant (Tests\Feature\Module\DataPreservationInvariant)::Background double entry ledger records even when reporting or pos are toggled" class="Tests\Feature\Module\DataPreservationInvariantTest" classname="Tests.Feature.Module.DataPreservationInvariantTest" assertions="2" time="0.459871"/>
      <testcase name="Ad hoc labour can be billed without pre existing catalogue product" file="Data Preservation Invariant (Tests\Feature\Module\DataPreservationInvariant)::Ad hoc labour can be billed without pre existing catalogue product" class="Tests\Feature\Module\DataPreservationInvariantTest" classname="Tests.Feature.Module.DataPreservationInvariantTest" assertions="8" time="0.429117"/>
      <testcase name="Solo tenant with recurring invoices is not blocked by plan gate" file="Data Preservation Invariant (Tests\Feature\Module\DataPreservationInvariant)::Solo tenant with recurring invoices is not blocked by plan gate" class="Tests\Feature\Module\DataPreservationInvariantTest" classname="Tests.Feature.Module.DataPreservationInvariantTest" assertions="3" time="0.625867"/>
    </testsuite>
    <testsuite name="Tests\Feature\Module\EnsureModuleTest" file="Ensure Module (Tests\Feature\Module\EnsureModule)" tests="19" assertions="174" errors="0" failures="0" skipped="0" time="2.216813">
      <testcase name="A tenant with no configuration keeps everything" file="Ensure Module (Tests\Feature\Module\EnsureModule)::A tenant with no configuration keeps everything" class="Tests\Feature\Module\EnsureModuleTest" classname="Tests.Feature.Module.EnsureModuleTest" assertions="47" time="0.129729"/>
      <testcase name="An unknown module key is denied" file="Ensure Module (Tests\Feature\Module\EnsureModule)::An unknown module key is denied" class="Tests\Feature\Module\EnsureModuleTest" classname="Tests.Feature.Module.EnsureModuleTest" assertions="2" time="0.132795"/>
      <testcase name="Always on routes are never gated" file="Ensure Module (Tests\Feature\Module\EnsureModule)::Always on routes are never gated" class="Tests\Feature\Module\EnsureModuleTest" classname="Tests.Feature.Module.EnsureModuleTest" assertions="5" time="0.060198"/>
      <testcase name="Every module route is blocked when its module is off" file="Ensure Module (Tests\Feature\Module\EnsureModule)::Every module route is blocked when its module is off" class="Tests\Feature\Module\EnsureModuleTest" classname="Tests.Feature.Module.EnsureModuleTest" assertions="5" time="0.326849"/>
      <testcase name="The same route works again the moment the module is back on" file="Ensure Module (Tests\Feature\Module\EnsureModule)::The same route works again the moment the module is back on" class="Tests\Feature\Module\EnsureModuleTest" classname="Tests.Feature.Module.EnsureModuleTest" assertions="2" time="0.396230"/>
      <testcase name="An exact route name is gated as well as its children" file="Ensure Module (Tests\Feature\Module\EnsureModule)::An exact route name is gated as well as its children" class="Tests\Feature\Module\EnsureModuleTest" classname="Tests.Feature.Module.EnsureModuleTest" assertions="1" time="0.110962"/>
      <testcase name="A shared route survives when any one owner is enabled" file="Ensure Module (Tests\Feature\Module\EnsureModule)::A shared route survives when any one owner is enabled" class="Tests\Feature\Module\EnsureModuleTest" classname="Tests.Feature.Module.EnsureModuleTest" assertions="2" time="0.187511"/>
      <testcase name="Every route pattern in the registry matches a real route" file="Ensure Module (Tests\Feature\Module\EnsureModule)::Every route pattern in the registry matches a real route" class="Tests\Feature\Module\EnsureModuleTest" classname="Tests.Feature.Module.EnsureModuleTest" assertions="1" time="0.120311"/>
      <testcase name="Resolving always produces a valid configuration" file="Ensure Module (Tests\Feature\Module\EnsureModule)::Resolving always produces a valid configuration" class="Tests\Feature\Module\EnsureModuleTest" classname="Tests.Feature.Module.EnsureModuleTest" assertions="10" time="0.064019"/>
      <testcase name="Requires one is asked and never guessed" file="Ensure Module (Tests\Feature\Module\EnsureModule)::Requires one is asked and never guessed" class="Tests\Feature\Module\EnsureModuleTest" classname="Tests.Feature.Module.EnsureModuleTest" assertions="5" time="0.058533"/>
      <testcase name="A requires one with multiple live options is asked not guessed" file="Ensure Module (Tests\Feature\Module\EnsureModule)::A requires one with multiple live options is asked not guessed" class="Tests\Feature\Module\EnsureModuleTest" classname="Tests.Feature.Module.EnsureModuleTest" assertions="5" time="0.063677"/>
      <testcase name="A satisfied requires one asks nothing" file="Ensure Module (Tests\Feature\Module\EnsureModule)::A satisfied requires one asks nothing" class="Tests\Feature\Module\EnsureModuleTest" classname="Tests.Feature.Module.EnsureModuleTest" assertions="3" time="0.056818"/>
      <testcase name="Resolving is idempotent" file="Ensure Module (Tests\Feature\Module\EnsureModule)::Resolving is idempotent" class="Tests\Feature\Module\EnsureModuleTest" classname="Tests.Feature.Module.EnsureModuleTest" assertions="1" time="0.062951"/>
      <testcase name="Unknown and unfinished modules are dropped silently" file="Ensure Module (Tests\Feature\Module\EnsureModule)::Unknown and unfinished modules are dropped silently" class="Tests\Feature\Module\EnsureModuleTest" classname="Tests.Feature.Module.EnsureModuleTest" assertions="6" time="0.067126"/>
      <testcase name="Enhancements are suggested but never added" file="Ensure Module (Tests\Feature\Module\EnsureModule)::Enhancements are suggested but never added" class="Tests\Feature\Module\EnsureModuleTest" classname="Tests.Feature.Module.EnsureModuleTest" assertions="2" time="0.071788"/>
      <testcase name="Disabling a load bearing module offers a choice instead of refusing" file="Ensure Module (Tests\Feature\Module\EnsureModule)::Disabling a load bearing module offers a choice instead of refusing" class="Tests\Feature\Module\EnsureModuleTest" classname="Tests.Feature.Module.EnsureModuleTest" assertions="3" time="0.059884"/>
      <testcase name="Cascade disable lists everything before touching anything" file="Ensure Module (Tests\Feature\Module\EnsureModule)::Cascade disable lists everything before touching anything" class="Tests\Feature\Module\EnsureModuleTest" classname="Tests.Feature.Module.EnsureModuleTest" assertions="5" time="0.053221"/>
      <testcase name="Disabling hides and never deletes" file="Ensure Module (Tests\Feature\Module\EnsureModule)::Disabling hides and never deletes" class="Tests\Feature\Module\EnsureModuleTest" classname="Tests.Feature.Module.EnsureModuleTest" assertions="3" time="0.129102"/>
      <testcase name="Every preset resolves to a valid configuration" file="Ensure Module (Tests\Feature\Module\EnsureModule)::Every preset resolves to a valid configuration" class="Tests\Feature\Module\EnsureModuleTest" classname="Tests.Feature.Module.EnsureModuleTest" assertions="66" time="0.065110"/>
    </testsuite>
    <testsuite name="Tests\Feature\Module\ModuleRegistryIntegrityTest" file="Module Registry Integrity (Tests\Feature\Module\ModuleRegistryIntegrity)" tests="19" assertions="3272" errors="0" failures="1" skipped="0" time="1.172897">
      <testcase name="Registry has exactly the planned modules" file="Module Registry Integrity (Tests\Feature\Module\ModuleRegistryIntegrity)::Registry has exactly the planned modules" class="Tests\Feature\Module\ModuleRegistryIntegrityTest" classname="Tests.Feature.Module.ModuleRegistryIntegrityTest" assertions="4" time="0.067095"/>
      <testcase name="Every module has every field" file="Module Registry Integrity (Tests\Feature\Module\ModuleRegistryIntegrity)::Every module has every field" class="Tests\Feature\Module\ModuleRegistryIntegrityTest" classname="Tests.Feature.Module.ModuleRegistryIntegrityTest" assertions="1152" time="0.052081"/>
      <testcase name="No qore key appears in the registry" file="Module Registry Integrity (Tests\Feature\Module\ModuleRegistryIntegrity)::No qore key appears in the registry" class="Tests\Feature\Module\ModuleRegistryIntegrityTest" classname="Tests.Feature.Module.ModuleRegistryIntegrityTest" assertions="240" time="0.056449"/>
      <testcase name="Aliases do not collide with qore denylist" file="Module Registry Integrity (Tests\Feature\Module\ModuleRegistryIntegrity)::Aliases do not collide with qore denylist" class="Tests\Feature\Module\ModuleRegistryIntegrityTest" classname="Tests.Feature.Module.ModuleRegistryIntegrityTest" assertions="454" time="0.053739"/>
      <testcase name="Every route pattern matches at least one real route" file="Module Registry Integrity (Tests\Feature\Module\ModuleRegistryIntegrity)::Every route pattern matches at least one real route" class="Tests\Feature\Module\ModuleRegistryIntegrityTest" classname="Tests.Feature.Module.ModuleRegistryIntegrityTest" assertions="202" time="0.107381"/>
      <testcase name="Nav routes are owned by their module" file="Module Registry Integrity (Tests\Feature\Module\ModuleRegistryIntegrity)::Nav routes are owned by their module" class="Tests\Feature\Module\ModuleRegistryIntegrityTest" classname="Tests.Feature.Module.ModuleRegistryIntegrityTest" assertions="72" time="0.052247"/>
      <testcase name="No route is silently claimed by two modules" file="Module Registry Integrity (Tests\Feature\Module\ModuleRegistryIntegrity)::No route is silently claimed by two modules" class="Tests\Feature\Module\ModuleRegistryIntegrityTest" classname="Tests.Feature.Module.ModuleRegistryIntegrityTest" assertions="23" time="0.139405"/>
      <testcase name="Every page path exists on disk" file="Module Registry Integrity (Tests\Feature\Module\ModuleRegistryIntegrity)::Every page path exists on disk" class="Tests\Feature\Module\ModuleRegistryIntegrityTest" classname="Tests.Feature.Module.ModuleRegistryIntegrityTest" assertions="20" time="0.052234">
        <failure type="PHPUnit\Framework\ExpectationFailedException">Every page path exists on diskModule 'sales_orders': page 'Sales/Orders' does not exist at E:\AMD POS\AMD POS\app-code\main-app\resources\js/Pages/Sales/Orders.
Failed asserting that false is true.&#13;
at tests\tests\Feature\Module\ModuleRegistryIntegrityTest.php:258</failure>
      </testcase>
      <testcase name="Every permission key is real" file="Module Registry Integrity (Tests\Feature\Module\ModuleRegistryIntegrity)::Every permission key is real" class="Tests\Feature\Module\ModuleRegistryIntegrityTest" classname="Tests.Feature.Module.ModuleRegistryIntegrityTest" assertions="103" time="0.055836"/>
      <testcase name="Every dashboard card key is real" file="Module Registry Integrity (Tests\Feature\Module\ModuleRegistryIntegrity)::Every dashboard card key is real" class="Tests\Feature\Module\ModuleRegistryIntegrityTest" classname="Tests.Feature.Module.ModuleRegistryIntegrityTest" assertions="26" time="0.051502"/>
      <testcase name="Every terminology key is real" file="Module Registry Integrity (Tests\Feature\Module\ModuleRegistryIntegrity)::Every terminology key is real" class="Tests\Feature\Module\ModuleRegistryIntegrityTest" classname="Tests.Feature.Module.ModuleRegistryIntegrityTest" assertions="54" time="0.054529"/>
      <testcase name="Every dependency target exists" file="Module Registry Integrity (Tests\Feature\Module\ModuleRegistryIntegrity)::Every dependency target exists" class="Tests\Feature\Module\ModuleRegistryIntegrityTest" classname="Tests.Feature.Module.ModuleRegistryIntegrityTest" assertions="210" time="0.051110"/>
      <testcase name="Dependency graph has no cycles and is shallow" file="Module Registry Integrity (Tests\Feature\Module\ModuleRegistryIntegrity)::Dependency graph has no cycles and is shallow" class="Tests\Feature\Module\ModuleRegistryIntegrityTest" classname="Tests.Feature.Module.ModuleRegistryIntegrityTest" assertions="4" time="0.054960"/>
      <testcase name="A module is never more live than its dependencies" file="Module Registry Integrity (Tests\Feature\Module\ModuleRegistryIntegrity)::A module is never more live than its dependencies" class="Tests\Feature\Module\ModuleRegistryIntegrityTest" classname="Tests.Feature.Module.ModuleRegistryIntegrityTest" assertions="72" time="0.052342"/>
      <testcase name="Every module has enough aliases" file="Module Registry Integrity (Tests\Feature\Module\ModuleRegistryIntegrity)::Every module has enough aliases" class="Tests\Feature\Module\ModuleRegistryIntegrityTest" classname="Tests.Feature.Module.ModuleRegistryIntegrityTest" assertions="94" time="0.057105"/>
      <testcase name="Status discipline" file="Module Registry Integrity (Tests\Feature\Module\ModuleRegistryIntegrity)::Status discipline" class="Tests\Feature\Module\ModuleRegistryIntegrityTest" classname="Tests.Feature.Module.ModuleRegistryIntegrityTest" assertions="139" time="0.052928"/>
      <testcase name="The billing promise holds" file="Module Registry Integrity (Tests\Feature\Module\ModuleRegistryIntegrity)::The billing promise holds" class="Tests\Feature\Module\ModuleRegistryIntegrityTest" classname="Tests.Feature.Module.ModuleRegistryIntegrityTest" assertions="52" time="0.055824"/>
      <testcase name="Presets only combine live modules" file="Module Registry Integrity (Tests\Feature\Module\ModuleRegistryIntegrity)::Presets only combine live modules" class="Tests\Feature\Module\ModuleRegistryIntegrityTest" classname="Tests.Feature.Module.ModuleRegistryIntegrityTest" assertions="221" time="0.050695"/>
      <testcase name="Presets are dependency complete" file="Module Registry Integrity (Tests\Feature\Module\ModuleRegistryIntegrity)::Presets are dependency complete" class="Tests\Feature\Module\ModuleRegistryIntegrityTest" classname="Tests.Feature.Module.ModuleRegistryIntegrityTest" assertions="130" time="0.055436"/>
    </testsuite>
    <testsuite name="Tests\Feature\Module\PresetSmokeTest" file="Preset Smoke (Tests\Feature\Module\PresetSmoke)" tests="2" assertions="124" errors="0" failures="0" skipped="0" time="18.093270">
      <testcase name="Every shippable preset lands a tenant with working screens" file="Preset Smoke (Tests\Feature\Module\PresetSmoke)::Every shippable preset lands a tenant with working screens" class="Tests\Feature\Module\PresetSmokeTest" classname="Tests.Feature.Module.PresetSmokeTest" assertions="115" time="17.528565"/>
      <testcase name="Provisioning through the real signup endpoint works end to end" file="Preset Smoke (Tests\Feature\Module\PresetSmoke)::Provisioning through the real signup endpoint works end to end" class="Tests\Feature\Module\PresetSmokeTest" classname="Tests.Feature.Module.PresetSmokeTest" assertions="9" time="0.564704"/>
    </testsuite>
    <testsuite name="Tests\Feature\Module\ReportAccessLockoutTest" file="Report Access Lockout (Tests\Feature\Module\ReportAccessLockout)" tests="2" assertions="159" errors="0" failures="0" skipped="0" time="3.435087">
      <testcase name="Solo tenant locked out of all 40 reports" file="Report Access Lockout (Tests\Feature\Module\ReportAccessLockout)::Solo tenant locked out of all 40 reports" class="Tests\Feature\Module\ReportAccessLockoutTest" classname="Tests.Feature.Module.ReportAccessLockoutTest" assertions="65" time="1.025554"/>
      <testcase name="Starter tenant has exact ceiling of 20 reports" file="Report Access Lockout (Tests\Feature\Module\ReportAccessLockout)::Starter tenant has exact ceiling of 20 reports" class="Tests\Feature\Module\ReportAccessLockoutTest" classname="Tests.Feature.Module.ReportAccessLockoutTest" assertions="94" time="2.409532"/>
    </testsuite>
    <testsuite name="Tests\Feature\Module\ReportPlanGateTest" file="Report Plan Gate (Tests\Feature\Module\ReportPlanGate)" tests="7" assertions="310" errors="0" failures="0" skipped="0" time="8.137239">
      <testcase name="Analytical reports require plan upgrade on solo even with reports module enabled" file="Report Plan Gate (Tests\Feature\Module\ReportPlanGate)::Analytical reports require plan upgrade on solo even with reports module enabled" class="Tests\Feature\Module\ReportPlanGateTest" classname="Tests.Feature.Module.ReportPlanGateTest" assertions="5" time="0.266815"/>
      <testcase name="Reports hub accessible on solo while detail reports require paid tiers" file="Report Plan Gate (Tests\Feature\Module\ReportPlanGate)::Reports hub accessible on solo while detail reports require paid tiers" class="Tests\Feature\Module\ReportPlanGateTest" classname="Tests.Feature.Module.ReportPlanGateTest" assertions="9" time="1.069681"/>
      <testcase name="Core plan tenant can access analytical reports" file="Report Plan Gate (Tests\Feature\Module\ReportPlanGate)::Core plan tenant can access analytical reports" class="Tests\Feature\Module\ReportPlanGateTest" classname="Tests.Feature.Module.ReportPlanGateTest" assertions="1" time="0.377582"/>
      <testcase name="Double entry ledger records on solo even when profit loss report is blocked" file="Report Plan Gate (Tests\Feature\Module\ReportPlanGate)::Double entry ledger records on solo even when profit loss report is blocked" class="Tests\Feature\Module\ReportPlanGateTest" classname="Tests.Feature.Module.ReportPlanGateTest" assertions="3" time="0.428771"/>
      <testcase name="Whole report plan map is enforced for solo and allowed for scale" file="Report Plan Gate (Tests\Feature\Module\ReportPlanGate)::Whole report plan map is enforced for solo and allowed for scale" class="Tests\Feature\Module\ReportPlanGateTest" classname="Tests.Feature.Module.ReportPlanGateTest" assertions="189" time="4.885967"/>
      <testcase name="Operational reports free list stays free on solo" file="Report Plan Gate (Tests\Feature\Module\ReportPlanGate)::Operational reports free list stays free on solo" class="Tests\Feature\Module\ReportPlanGateTest" classname="Tests.Feature.Module.ReportPlanGateTest" assertions="2" time="0.448426"/>
      <testcase name="Inertia shares all 14 plan features with proper boolean states for solo and scale" file="Report Plan Gate (Tests\Feature\Module\ReportPlanGate)::Inertia shares all 14 plan features with proper boolean states for solo and scale" class="Tests\Feature\Module\ReportPlanGateTest" classname="Tests.Feature.Module.ReportPlanGateTest" assertions="101" time="0.659997"/>
    </testsuite>
    <testsuite name="Tests\Feature\Module\ReportPlanMapCountTest" file="Report Plan Map Count (Tests\Feature\Module\ReportPlanMapCount)" tests="2" assertions="104" errors="0" failures="0" skipped="0" time="0.125854">
      <testcase name="Report plan map has exact tier counts and 23 keys" file="Report Plan Map Count (Tests\Feature\Module\ReportPlanMapCount)::Report plan map has exact tier counts and 23 keys" class="Tests\Feature\Module\ReportPlanMapCountTest" classname="Tests.Feature.Module.ReportPlanMapCountTest" assertions="34" time="0.058760"/>
      <testcase name="Report decision messages exist for all 23 keys" file="Report Plan Map Count (Tests\Feature\Module\ReportPlanMapCount)::Report decision messages exist for all 23 keys" class="Tests\Feature\Module\ReportPlanMapCountTest" classname="Tests.Feature.Module.ReportPlanMapCountTest" assertions="70" time="0.067094"/>
    </testsuite>
    <testsuite name="Tests\Feature\Module\ReportPlanMapIntegrityTest" file="Report Plan Map Integrity (Tests\Feature\Module\ReportPlanMapIntegrity)" tests="2" assertions="66" errors="0" failures="1" skipped="0" time="0.112404">
      <testcase name="Every feature key in report plan map exists in all plans in config" file="Report Plan Map Integrity (Tests\Feature\Module\ReportPlanMapIntegrity)::Every feature key in report plan map exists in all plans in config" class="Tests\Feature\Module\ReportPlanMapIntegrityTest" classname="Tests.Feature.Module.ReportPlanMapIntegrityTest" assertions="3" time="0.054845">
        <failure type="PHPUnit\Framework\ExpectationFailedException">Every feature key in report plan map exists in all plans in configReport plan feature key 'report_sales_records' is missing from plan 'solo' in config/plans.php.
Failed asserting that an array has the key 'report_sales_records'.&#13;
at tests\tests\Feature\Module\ReportPlanMapIntegrityTest.php:24</failure>
      </testcase>
      <testcase name="Every suffix in report plan map is a registered route" file="Report Plan Map Integrity (Tests\Feature\Module\ReportPlanMapIntegrity)::Every suffix in report plan map is a registered route" class="Tests\Feature\Module\ReportPlanMapIntegrityTest" classname="Tests.Feature.Module.ReportPlanMapIntegrityTest" assertions="63" time="0.057559"/>
    </testsuite>
    <testsuite name="Tests\Feature\Module\ReportPlanMapParityTest" file="Report Plan Map Parity (Tests\Feature\Module\ReportPlanMapParity)" tests="2" assertions="215" errors="0" failures="0" skipped="0" time="0.123109">
      <testcase name="Every suffix in php report plan map exists in js map with same key" file="Report Plan Map Parity (Tests\Feature\Module\ReportPlanMapParity)::Every suffix in php report plan map exists in js map with same key" class="Tests\Feature\Module\ReportPlanMapParityTest" classname="Tests.Feature.Module.ReportPlanMapParityTest" assertions="139" time="0.068049"/>
      <testcase name="Every feature key referenced in js map appears in php map" file="Report Plan Map Parity (Tests\Feature\Module\ReportPlanMapParity)::Every feature key referenced in js map appears in php map" class="Tests\Feature\Module\ReportPlanMapParityTest" classname="Tests.Feature.Module.ReportPlanMapParityTest" assertions="76" time="0.055060"/>
    </testsuite>
    <testsuite name="Tests\Feature\Module\ServiceOnlySaleTest" file="Service Only Sale (Tests\Feature\Module\ServiceOnlySale)" tests="9" assertions="21" errors="0" failures="0" skipped="0" time="2.162704">
      <testcase name="A service sale posts revenue to the ledger" file="Service Only Sale (Tests\Feature\Module\ServiceOnlySale)::A service sale posts revenue to the ledger" class="Tests\Feature\Module\ServiceOnlySaleTest" classname="Tests.Feature.Module.ServiceOnlySaleTest" assertions="2" time="0.247196"/>
      <testcase name="A service sale records no cogs" file="Service Only Sale (Tests\Feature\Module\ServiceOnlySale)::A service sale records no cogs" class="Tests\Feature\Module\ServiceOnlySaleTest" classname="Tests.Feature.Module.ServiceOnlySaleTest" assertions="1" time="0.244607"/>
      <testcase name="A service sale moves no stock" file="Service Only Sale (Tests\Feature\Module\ServiceOnlySale)::A service sale moves no stock" class="Tests\Feature\Module\ServiceOnlySaleTest" classname="Tests.Feature.Module.ServiceOnlySaleTest" assertions="1" time="0.216137"/>
      <testcase name="The ledger balances after a service sale" file="Service Only Sale (Tests\Feature\Module\ServiceOnlySale)::The ledger balances after a service sale" class="Tests\Feature\Module\ServiceOnlySaleTest" classname="Tests.Feature.Module.ServiceOnlySaleTest" assertions="2" time="0.292347"/>
      <testcase name="The invoice number comes from the sequence service" file="Service Only Sale (Tests\Feature\Module\ServiceOnlySale)::The invoice number comes from the sequence service" class="Tests\Feature\Module\ServiceOnlySaleTest" classname="Tests.Feature.Module.ServiceOnlySaleTest" assertions="3" time="0.242466"/>
      <testcase name="Invoicing the same job twice does not bill it twice" file="Service Only Sale (Tests\Feature\Module\ServiceOnlySale)::Invoicing the same job twice does not bill it twice" class="Tests\Feature\Module\ServiceOnlySaleTest" classname="Tests.Feature.Module.ServiceOnlySaleTest" assertions="2" time="0.227794"/>
      <testcase name="A job with no billable lines refuses clearly" file="Service Only Sale (Tests\Feature\Module\ServiceOnlySale)::A job with no billable lines refuses clearly" class="Tests\Feature\Module\ServiceOnlySaleTest" classname="Tests.Feature.Module.ServiceOnlySaleTest" assertions="2" time="0.184773"/>
      <testcase name="A part fitted during a job does move stock" file="Service Only Sale (Tests\Feature\Module\ServiceOnlySale)::A part fitted during a job does move stock" class="Tests\Feature\Module\ServiceOnlySaleTest" classname="Tests.Feature.Module.ServiceOnlySaleTest" assertions="2" time="0.324567"/>
      <testcase name="Hours round the way a tradesperson expects" file="Service Only Sale (Tests\Feature\Module\ServiceOnlySale)::Hours round the way a tradesperson expects" class="Tests\Feature\Module\ServiceOnlySaleTest" classname="Tests.Feature.Module.ServiceOnlySaleTest" assertions="6" time="0.182818"/>
    </testsuite>
  </testsuite>
</testsuites>
