<?xml version="1.0" encoding="UTF-8"?>
<testsuites>
  <testsuite name="CLI Arguments" tests="193" assertions="986" errors="0" failures="0" skipped="0" time="20.879463">
    <testsuite name="Tests\Feature\Tools\BarcodeLabelSheetToolTest" file="Barcode Label Sheet Tool (Tests\Feature\Tools\BarcodeLabelSheetTool)" tests="8" assertions="31" errors="0" failures="0" skipped="0" time="1.887517">
      <testcase name="Page loads" file="Barcode Label Sheet Tool (Tests\Feature\Tools\BarcodeLabelSheetTool)::Page loads" class="Tests\Feature\Tools\BarcodeLabelSheetToolTest" classname="Tests.Feature.Tools.BarcodeLabelSheetToolTest" assertions="1" time="0.643646"/>
      <testcase name="Sheet renders a pdf for manual rows" file="Barcode Label Sheet Tool (Tests\Feature\Tools\BarcodeLabelSheetTool)::Sheet renders a pdf for manual rows" class="Tests\Feature\Tools\BarcodeLabelSheetToolTest" classname="Tests.Feature.Tools.BarcodeLabelSheetToolTest" assertions="4" time="0.175231"/>
      <testcase name="Bulk paste parses correctly" file="Barcode Label Sheet Tool (Tests\Feature\Tools\BarcodeLabelSheetTool)::Bulk paste parses correctly" class="Tests\Feature\Tools\BarcodeLabelSheetToolTest" classname="Tests.Feature.Tools.BarcodeLabelSheetToolTest" assertions="4" time="0.058904"/>
      <testcase name="Every preset builds without error" file="Barcode Label Sheet Tool (Tests\Feature\Tools\BarcodeLabelSheetTool)::Every preset builds without error" class="Tests\Feature\Tools\BarcodeLabelSheetToolTest" classname="Tests.Feature.Tools.BarcodeLabelSheetToolTest" assertions="16" time="0.443330"/>
      <testcase name="Copies multiplier repeats the batch" file="Barcode Label Sheet Tool (Tests\Feature\Tools\BarcodeLabelSheetTool)::Copies multiplier repeats the batch" class="Tests\Feature\Tools\BarcodeLabelSheetToolTest" classname="Tests.Feature.Tools.BarcodeLabelSheetToolTest" assertions="1" time="0.208234"/>
      <testcase name="Missing rows rejected" file="Barcode Label Sheet Tool (Tests\Feature\Tools\BarcodeLabelSheetTool)::Missing rows rejected" class="Tests\Feature\Tools\BarcodeLabelSheetToolTest" classname="Tests.Feature.Tools.BarcodeLabelSheetToolTest" assertions="1" time="0.077739"/>
      <testcase name="Unknown preset rejected" file="Barcode Label Sheet Tool (Tests\Feature\Tools\BarcodeLabelSheetTool)::Unknown preset rejected" class="Tests\Feature\Tools\BarcodeLabelSheetToolTest" classname="Tests.Feature.Tools.BarcodeLabelSheetToolTest" assertions="1" time="0.086990"/>
      <testcase name="Generation is free and requires no lead" file="Barcode Label Sheet Tool (Tests\Feature\Tools\BarcodeLabelSheetTool)::Generation is free and requires no lead" class="Tests\Feature\Tools\BarcodeLabelSheetToolTest" classname="Tests.Feature.Tools.BarcodeLabelSheetToolTest" assertions="3" time="0.193444"/>
    </testsuite>
    <testsuite name="Tests\Feature\Tools\BarcodeSheetTest" file="Barcode Sheet (Tests\Feature\Tools\BarcodeSheet)" tests="7" assertions="32" errors="0" failures="0" skipped="0" time="1.455781">
      <testcase name="Thermal preset produces a pdf" file="Barcode Sheet (Tests\Feature\Tools\BarcodeSheet)::Thermal preset produces a pdf" class="Tests\Feature\Tools\BarcodeSheetTest" classname="Tests.Feature.Tools.BarcodeSheetTest" assertions="4" time="0.303118"/>
      <testcase name="A4 sheet preset produces a pdf" file="Barcode Sheet (Tests\Feature\Tools\BarcodeSheet)::A4 sheet preset produces a pdf" class="Tests\Feature\Tools\BarcodeSheetTest" classname="Tests.Feature.Tools.BarcodeSheetTest" assertions="2" time="0.339237"/>
      <testcase name="Unknown preset is rejected" file="Barcode Sheet (Tests\Feature\Tools\BarcodeSheet)::Unknown preset is rejected" class="Tests\Feature\Tools\BarcodeSheetTest" classname="Tests.Feature.Tools.BarcodeSheetTest" assertions="1" time="0.059769"/>
      <testcase name="Quantity is capped" file="Barcode Sheet (Tests\Feature\Tools\BarcodeSheet)::Quantity is capped" class="Tests\Feature\Tools\BarcodeSheetTest" classname="Tests.Feature.Tools.BarcodeSheetTest" assertions="1" time="0.058590"/>
      <testcase name="Invalid barcode value is rejected with message" file="Barcode Sheet (Tests\Feature\Tools\BarcodeSheet)::Invalid barcode value is rejected with message" class="Tests\Feature\Tools\BarcodeSheetTest" classname="Tests.Feature.Tools.BarcodeSheetTest" assertions="2" time="0.075274"/>
      <testcase name="Print sheet works without gd because it embeds svg" file="Barcode Sheet (Tests\Feature\Tools\BarcodeSheet)::Print sheet works without gd because it embeds svg" class="Tests\Feature\Tools\BarcodeSheetTest" classname="Tests.Feature.Tools.BarcodeSheetTest" assertions="2" time="0.105505"/>
      <testcase name="Every preset builds without error" file="Barcode Sheet (Tests\Feature\Tools\BarcodeSheet)::Every preset builds without error" class="Tests\Feature\Tools\BarcodeSheetTest" classname="Tests.Feature.Tools.BarcodeSheetTest" assertions="20" time="0.514288"/>
    </testsuite>
    <testsuite name="Tests\Feature\Tools\BarcodeTextRenderingTest" file="Barcode Text Rendering (Tests\Feature\Tools\BarcodeTextRendering)" tests="7" assertions="11" errors="0" failures="0" skipped="0" time="0.378534">
      <testcase name="Svg output contains the human readable value" file="Barcode Text Rendering (Tests\Feature\Tools\BarcodeTextRendering)::Svg output contains the human readable value" class="Tests\Feature\Tools\BarcodeTextRenderingTest" classname="Tests.Feature.Tools.BarcodeTextRenderingTest" assertions="3" time="0.061193"/>
      <testcase name="Svg output omits text when show value is false" file="Barcode Text Rendering (Tests\Feature\Tools\BarcodeTextRendering)::Svg output omits text when show value is false" class="Tests\Feature\Tools\BarcodeTextRenderingTest" classname="Tests.Feature.Tools.BarcodeTextRenderingTest" assertions="1" time="0.051622"/>
      <testcase name="Svg includes a white background so it is scannable" file="Barcode Text Rendering (Tests\Feature\Tools\BarcodeTextRendering)::Svg includes a white background so it is scannable" class="Tests\Feature\Tools\BarcodeTextRenderingTest" classname="Tests.Feature.Tools.BarcodeTextRenderingTest" assertions="1" time="0.054002"/>
      <testcase name="Svg caption is rendered in addition to the value" file="Barcode Text Rendering (Tests\Feature\Tools\BarcodeTextRendering)::Svg caption is rendered in addition to the value" class="Tests\Feature\Tools\BarcodeTextRenderingTest" classname="Tests.Feature.Tools.BarcodeTextRenderingTest" assertions="2" time="0.051194"/>
      <testcase name="Svg caption is xml escaped" file="Barcode Text Rendering (Tests\Feature\Tools\BarcodeTextRendering)::Svg caption is xml escaped" class="Tests\Feature\Tools\BarcodeTextRenderingTest" classname="Tests.Feature.Tools.BarcodeTextRenderingTest" assertions="2" time="0.054259"/>
      <testcase name="Svg height grows to fit the text" file="Barcode Text Rendering (Tests\Feature\Tools\BarcodeTextRendering)::Svg height grows to fit the text" class="Tests\Feature\Tools\BarcodeTextRenderingTest" classname="Tests.Feature.Tools.BarcodeTextRenderingTest" assertions="1" time="0.051120"/>
      <testcase name="Svg remains well formed xml after decoration" file="Barcode Text Rendering (Tests\Feature\Tools\BarcodeTextRendering)::Svg remains well formed xml after decoration" class="Tests\Feature\Tools\BarcodeTextRenderingTest" classname="Tests.Feature.Tools.BarcodeTextRenderingTest" assertions="1" time="0.055144"/>
    </testsuite>
    <testsuite name="Tests\Feature\Tools\BarcodeToolTest" file="Barcode Tool (Tests\Feature\Tools\BarcodeTool)" tests="15" assertions="57" errors="0" failures="0" skipped="0" time="1.601725">
      <testcase name="Index page renders" file="Barcode Tool (Tests\Feature\Tools\BarcodeTool)::Index page renders" class="Tests\Feature\Tools\BarcodeToolTest" classname="Tests.Feature.Tools.BarcodeToolTest" assertions="1" time="0.119592"/>
      <testcase name="Render produces a png for valid code128" file="Barcode Tool (Tests\Feature\Tools\BarcodeTool)::Render produces a png for valid code128" class="Tests\Feature\Tools\BarcodeToolTest" classname="Tests.Feature.Tools.BarcodeToolTest" assertions="11" time="0.069797"/>
      <testcase name="Render produces svg and jpg" file="Barcode Tool (Tests\Feature\Tools\BarcodeTool)::Render produces svg and jpg" class="Tests\Feature\Tools\BarcodeToolTest" classname="Tests.Feature.Tools.BarcodeToolTest" assertions="6" time="0.069382"/>
      <testcase name="Inline validate endpoint returns explanation" file="Barcode Tool (Tests\Feature\Tools\BarcodeTool)::Inline validate endpoint returns explanation" class="Tests\Feature\Tools\BarcodeToolTest" classname="Tests.Feature.Tools.BarcodeToolTest" assertions="10" time="0.069313"/>
      <testcase name="Inline validate endpoint explains invalid codes" file="Barcode Tool (Tests\Feature\Tools\BarcodeTool)::Inline validate endpoint explains invalid codes" class="Tests\Feature\Tools\BarcodeToolTest" classname="Tests.Feature.Tools.BarcodeToolTest" assertions="3" time="0.060741"/>
      <testcase name="Ean13 short form auto computes check digit" file="Barcode Tool (Tests\Feature\Tools\BarcodeTool)::Ean13 short form auto computes check digit" class="Tests\Feature\Tools\BarcodeToolTest" classname="Tests.Feature.Tools.BarcodeToolTest" assertions="4" time="0.068788"/>
      <testcase name="Ean13 full form is not recomputed" file="Barcode Tool (Tests\Feature\Tools\BarcodeTool)::Ean13 full form is not recomputed" class="Tests\Feature\Tools\BarcodeToolTest" classname="Tests.Feature.Tools.BarcodeToolTest" assertions="3" time="0.063109"/>
      <testcase name="Invalid length for ean13 returns inline error not 500" file="Barcode Tool (Tests\Feature\Tools\BarcodeTool)::Invalid length for ean13 returns inline error not 500" class="Tests\Feature\Tools\BarcodeToolTest" classname="Tests.Feature.Tools.BarcodeToolTest" assertions="2" time="0.065887"/>
      <testcase name="Non digit value for digit only format returns inline error" file="Barcode Tool (Tests\Feature\Tools\BarcodeTool)::Non digit value for digit only format returns inline error" class="Tests\Feature\Tools\BarcodeToolTest" classname="Tests.Feature.Tools.BarcodeToolTest" assertions="1" time="0.061000"/>
      <testcase name="Empty value returns inline error not 500" file="Barcode Tool (Tests\Feature\Tools\BarcodeTool)::Empty value returns inline error not 500" class="Tests\Feature\Tools\BarcodeToolTest" classname="Tests.Feature.Tools.BarcodeToolTest" assertions="1" time="0.066785"/>
      <testcase name="Invalid character for code39 returns inline error not 500" file="Barcode Tool (Tests\Feature\Tools\BarcodeTool)::Invalid character for code39 returns inline error not 500" class="Tests\Feature\Tools\BarcodeToolTest" classname="Tests.Feature.Tools.BarcodeToolTest" assertions="2" time="0.059651"/>
      <testcase name="Unknown format is rejected" file="Barcode Tool (Tests\Feature\Tools\BarcodeTool)::Unknown format is rejected" class="Tests\Feature\Tools\BarcodeToolTest" classname="Tests.Feature.Tools.BarcodeToolTest" assertions="1" time="0.067132"/>
      <testcase name="All nine format child pages render" file="Barcode Tool (Tests\Feature\Tools\BarcodeTool)::All nine format child pages render" class="Tests\Feature\Tools\BarcodeToolTest" classname="Tests.Feature.Tools.BarcodeToolTest" assertions="9" time="0.599922"/>
      <testcase name="Unknown format child page 404s" file="Barcode Tool (Tests\Feature\Tools\BarcodeTool)::Unknown format child page 404s" class="Tests\Feature\Tools\BarcodeToolTest" classname="Tests.Feature.Tools.BarcodeToolTest" assertions="1" time="0.078898"/>
      <testcase name="Single barcode generation requires no email" file="Barcode Tool (Tests\Feature\Tools\BarcodeTool)::Single barcode generation requires no email" class="Tests\Feature\Tools\BarcodeToolTest" classname="Tests.Feature.Tools.BarcodeToolTest" assertions="2" time="0.081726"/>
    </testsuite>
    <testsuite name="Tests\Feature\Tools\BarcodeValidatorTest" file="Barcode Validator (Tests\Feature\Tools\BarcodeValidator)" tests="7" assertions="14" errors="0" failures="0" skipped="0" time="0.545162">
      <testcase name="Index page renders" file="Barcode Validator (Tests\Feature\Tools\BarcodeValidator)::Index page renders" class="Tests\Feature\Tools\BarcodeValidatorTest" classname="Tests.Feature.Tools.BarcodeValidatorTest" assertions="1" time="0.139608"/>
      <testcase name="Valid upc a returns valid true" file="Barcode Validator (Tests\Feature\Tools\BarcodeValidator)::Valid upc a returns valid true" class="Tests\Feature\Tools\BarcodeValidatorTest" classname="Tests.Feature.Tools.BarcodeValidatorTest" assertions="3" time="0.071806"/>
      <testcase name="Invalid check digit returns valid false with breakdown" file="Barcode Validator (Tests\Feature\Tools\BarcodeValidator)::Invalid check digit returns valid false with breakdown" class="Tests\Feature\Tools\BarcodeValidatorTest" classname="Tests.Feature.Tools.BarcodeValidatorTest" assertions="3" time="0.063356"/>
      <testcase name="Handles whitespace and hyphens" file="Barcode Validator (Tests\Feature\Tools\BarcodeValidator)::Handles whitespace and hyphens" class="Tests\Feature\Tools\BarcodeValidatorTest" classname="Tests.Feature.Tools.BarcodeValidatorTest" assertions="2" time="0.060533"/>
      <testcase name="Rejects non digit input with inline error" file="Barcode Validator (Tests\Feature\Tools\BarcodeValidator)::Rejects non digit input with inline error" class="Tests\Feature\Tools\BarcodeValidatorTest" classname="Tests.Feature.Tools.BarcodeValidatorTest" assertions="2" time="0.059244"/>
      <testcase name="Rejects wrong length with inline error" file="Barcode Validator (Tests\Feature\Tools\BarcodeValidator)::Rejects wrong length with inline error" class="Tests\Feature\Tools\BarcodeValidatorTest" classname="Tests.Feature.Tools.BarcodeValidatorTest" assertions="1" time="0.077139"/>
      <testcase name="Validator requires no email" file="Barcode Validator (Tests\Feature\Tools\BarcodeValidator)::Validator requires no email" class="Tests\Feature\Tools\BarcodeValidatorTest" classname="Tests.Feature.Tools.BarcodeValidatorTest" assertions="2" time="0.073477"/>
    </testsuite>
    <testsuite name="Tests\Feature\Tools\CashDrawerToolTest" file="Cash Drawer Tool (Tests\Feature\Tools\CashDrawerTool)" tests="3" assertions="10" errors="0" failures="0" skipped="0" time="0.320980">
      <testcase name="Cash drawer tool index page loads" file="Cash Drawer Tool (Tests\Feature\Tools\CashDrawerTool)::Cash drawer tool index page loads" class="Tests\Feature\Tools\CashDrawerToolTest" classname="Tests.Feature.Tools.CashDrawerToolTest" assertions="1" time="0.128441"/>
      <testcase name="Cash drawer pdf render success" file="Cash Drawer Tool (Tests\Feature\Tools\CashDrawerTool)::Cash drawer pdf render success" class="Tests\Feature\Tools\CashDrawerToolTest" classname="Tests.Feature.Tools.CashDrawerToolTest" assertions="7" time="0.130120"/>
      <testcase name="Cash drawer pdf render validation error" file="Cash Drawer Tool (Tests\Feature\Tools\CashDrawerTool)::Cash drawer pdf render validation error" class="Tests\Feature\Tools\CashDrawerToolTest" classname="Tests.Feature.Tools.CashDrawerToolTest" assertions="2" time="0.062419"/>
    </testsuite>
    <testsuite name="Tests\Feature\Tools\CreditNoteToolTest" file="Credit Note Tool (Tests\Feature\Tools\CreditNoteTool)" tests="9" assertions="24" errors="0" failures="0" skipped="0" time="1.008894">
      <testcase name="Credit note page loads" file="Credit Note Tool (Tests\Feature\Tools\CreditNoteTool)::Credit note page loads" class="Tests\Feature\Tools\CreditNoteToolTest" classname="Tests.Feature.Tools.CreditNoteToolTest" assertions="1" time="0.127666"/>
      <testcase name="Render produces a pdf" file="Credit Note Tool (Tests\Feature\Tools\CreditNoteTool)::Render produces a pdf" class="Tests\Feature\Tools\CreditNoteToolTest" classname="Tests.Feature.Tools.CreditNoteToolTest" assertions="4" time="0.124166"/>
      <testcase name="Missing company name is rejected" file="Credit Note Tool (Tests\Feature\Tools\CreditNoteTool)::Missing company name is rejected" class="Tests\Feature\Tools\CreditNoteToolTest" classname="Tests.Feature.Tools.CreditNoteToolTest" assertions="1" time="0.062692"/>
      <testcase name="Missing original invoice number is rejected" file="Credit Note Tool (Tests\Feature\Tools\CreditNoteTool)::Missing original invoice number is rejected" class="Tests\Feature\Tools\CreditNoteToolTest" classname="Tests.Feature.Tools.CreditNoteToolTest" assertions="1" time="0.072237"/>
      <testcase name="Missing line items is rejected" file="Credit Note Tool (Tests\Feature\Tools\CreditNoteTool)::Missing line items is rejected" class="Tests\Feature\Tools\CreditNoteToolTest" classname="Tests.Feature.Tools.CreditNoteToolTest" assertions="1" time="0.060500"/>
      <testcase name="Totals are computed correctly" file="Credit Note Tool (Tests\Feature\Tools\CreditNoteTool)::Totals are computed correctly" class="Tests\Feature\Tools\CreditNoteToolTest" classname="Tests.Feature.Tools.CreditNoteToolTest" assertions="4" time="0.096452"/>
      <testcase name="Every template renders" file="Credit Note Tool (Tests\Feature\Tools\CreditNoteTool)::Every template renders" class="Tests\Feature\Tools\CreditNoteToolTest" classname="Tests.Feature.Tools.CreditNoteToolTest" assertions="8" time="0.265814"/>
      <testcase name="Unsupported currency is rejected" file="Credit Note Tool (Tests\Feature\Tools\CreditNoteTool)::Unsupported currency is rejected" class="Tests\Feature\Tools\CreditNoteToolTest" classname="Tests.Feature.Tools.CreditNoteToolTest" assertions="1" time="0.081013"/>
      <testcase name="Credit note generation is free and requires no lead" file="Credit Note Tool (Tests\Feature\Tools\CreditNoteTool)::Credit note generation is free and requires no lead" class="Tests\Feature\Tools\CreditNoteToolTest" classname="Tests.Feature.Tools.CreditNoteToolTest" assertions="3" time="0.118355"/>
    </testsuite>
    <testsuite name="Tests\Feature\Tools\FoodCostToolTest" file="Food Cost Tool (Tests\Feature\Tools\FoodCostTool)" tests="2" assertions="3" errors="0" failures="0" skipped="0" time="0.260442">
      <testcase name="Food cost calculator page loads" file="Food Cost Tool (Tests\Feature\Tools\FoodCostTool)::Food cost calculator page loads" class="Tests\Feature\Tools\FoodCostToolTest" classname="Tests.Feature.Tools.FoodCostToolTest" assertions="1" time="0.138766"/>
      <testcase name="Food cost calculator page has seo content for crawlers" file="Food Cost Tool (Tests\Feature\Tools\FoodCostTool)::Food cost calculator page has seo content for crawlers" class="Tests\Feature\Tools\FoodCostToolTest" classname="Tests.Feature.Tools.FoodCostToolTest" assertions="2" time="0.121676"/>
    </testsuite>
    <testsuite name="Tests\Feature\Tools\InventoryHealthToolTest" file="Inventory Health Tool (Tests\Feature\Tools\InventoryHealthTool)" tests="2" assertions="4" errors="0" failures="0" skipped="0" time="0.242045">
      <testcase name="Inventory health page loads" file="Inventory Health Tool (Tests\Feature\Tools\InventoryHealthTool)::Inventory health page loads" class="Tests\Feature\Tools\InventoryHealthToolTest" classname="Tests.Feature.Tools.InventoryHealthToolTest" assertions="1" time="0.126404"/>
      <testcase name="Inventory health page has seo content for crawlers" file="Inventory Health Tool (Tests\Feature\Tools\InventoryHealthTool)::Inventory health page has seo content for crawlers" class="Tests\Feature\Tools\InventoryHealthToolTest" classname="Tests.Feature.Tools.InventoryHealthToolTest" assertions="3" time="0.115642"/>
    </testsuite>
    <testsuite name="Tests\Feature\Tools\InvoiceToolTest" file="Invoice Tool (Tests\Feature\Tools\InvoiceTool)" tests="8" assertions="23" errors="0" failures="0" skipped="0" time="0.902695">
      <testcase name="Invoice page loads" file="Invoice Tool (Tests\Feature\Tools\InvoiceTool)::Invoice page loads" class="Tests\Feature\Tools\InvoiceToolTest" classname="Tests.Feature.Tools.InvoiceToolTest" assertions="1" time="0.138005"/>
      <testcase name="Render produces a pdf" file="Invoice Tool (Tests\Feature\Tools\InvoiceTool)::Render produces a pdf" class="Tests\Feature\Tools\InvoiceToolTest" classname="Tests.Feature.Tools.InvoiceToolTest" assertions="4" time="0.115296"/>
      <testcase name="Missing company name is rejected" file="Invoice Tool (Tests\Feature\Tools\InvoiceTool)::Missing company name is rejected" class="Tests\Feature\Tools\InvoiceToolTest" classname="Tests.Feature.Tools.InvoiceToolTest" assertions="1" time="0.063130"/>
      <testcase name="Missing line items is rejected" file="Invoice Tool (Tests\Feature\Tools\InvoiceTool)::Missing line items is rejected" class="Tests\Feature\Tools\InvoiceToolTest" classname="Tests.Feature.Tools.InvoiceToolTest" assertions="1" time="0.069501"/>
      <testcase name="Totals are computed correctly" file="Invoice Tool (Tests\Feature\Tools\InvoiceTool)::Totals are computed correctly" class="Tests\Feature\Tools\InvoiceToolTest" classname="Tests.Feature.Tools.InvoiceToolTest" assertions="4" time="0.084844"/>
      <testcase name="Every template renders" file="Invoice Tool (Tests\Feature\Tools\InvoiceTool)::Every template renders" class="Tests\Feature\Tools\InvoiceToolTest" classname="Tests.Feature.Tools.InvoiceToolTest" assertions="8" time="0.245210"/>
      <testcase name="Unsupported currency is rejected" file="Invoice Tool (Tests\Feature\Tools\InvoiceTool)::Unsupported currency is rejected" class="Tests\Feature\Tools\InvoiceToolTest" classname="Tests.Feature.Tools.InvoiceToolTest" assertions="1" time="0.080041"/>
      <testcase name="Invoice generation is free and requires no lead" file="Invoice Tool (Tests\Feature\Tools\InvoiceTool)::Invoice generation is free and requires no lead" class="Tests\Feature\Tools\InvoiceToolTest" classname="Tests.Feature.Tools.InvoiceToolTest" assertions="3" time="0.106669"/>
    </testsuite>
    <testsuite name="Tests\Feature\Tools\LabelSheetToolTest" file="Label Sheet Tool (Tests\Feature\Tools\LabelSheetTool)" tests="10" assertions="41" errors="0" failures="0" skipped="0" time="1.070114">
      <testcase name="Label sheet page loads" file="Label Sheet Tool (Tests\Feature\Tools\LabelSheetTool)::Label sheet page loads" class="Tests\Feature\Tools\LabelSheetToolTest" classname="Tests.Feature.Tools.LabelSheetToolTest" assertions="2" time="0.135004"/>
      <testcase name="Manual entry rows produce a pdf" file="Label Sheet Tool (Tests\Feature\Tools\LabelSheetTool)::Manual entry rows produce a pdf" class="Tests\Feature\Tools\LabelSheetToolTest" classname="Tests.Feature.Tools.LabelSheetToolTest" assertions="4" time="0.083685"/>
      <testcase name="Bulk paste parses blocks correctly" file="Label Sheet Tool (Tests\Feature\Tools\LabelSheetTool)::Bulk paste parses blocks correctly" class="Tests\Feature\Tools\LabelSheetToolTest" classname="Tests.Feature.Tools.LabelSheetToolTest" assertions="2" time="0.070717"/>
      <testcase name="Per row quantity multiplies correctly" file="Label Sheet Tool (Tests\Feature\Tools\LabelSheetTool)::Per row quantity multiplies correctly" class="Tests\Feature\Tools\LabelSheetToolTest" classname="Tests.Feature.Tools.LabelSheetToolTest" assertions="3" time="0.113554"/>
      <testcase name="Every preset builds without error" file="Label Sheet Tool (Tests\Feature\Tools\LabelSheetTool)::Every preset builds without error" class="Tests\Feature\Tools\LabelSheetToolTest" classname="Tests.Feature.Tools.LabelSheetToolTest" assertions="24" time="0.285819"/>
      <testcase name="Whole sheet copies multiplier works" file="Label Sheet Tool (Tests\Feature\Tools\LabelSheetTool)::Whole sheet copies multiplier works" class="Tests\Feature\Tools\LabelSheetToolTest" classname="Tests.Feature.Tools.LabelSheetToolTest" assertions="2" time="0.094856"/>
      <testcase name="Missing items rejected with 422" file="Label Sheet Tool (Tests\Feature\Tools\LabelSheetTool)::Missing items rejected with 422" class="Tests\Feature\Tools\LabelSheetToolTest" classname="Tests.Feature.Tools.LabelSheetToolTest" assertions="1" time="0.062432"/>
      <testcase name="Invalid preset rejected with 422" file="Label Sheet Tool (Tests\Feature\Tools\LabelSheetTool)::Invalid preset rejected with 422" class="Tests\Feature\Tools\LabelSheetToolTest" classname="Tests.Feature.Tools.LabelSheetToolTest" assertions="1" time="0.070662"/>
      <testcase name="Row with no text at all rejected" file="Label Sheet Tool (Tests\Feature\Tools\LabelSheetTool)::Row with no text at all rejected" class="Tests\Feature\Tools\LabelSheetToolTest" classname="Tests.Feature.Tools.LabelSheetToolTest" assertions="1" time="0.061185"/>
      <testcase name="Tool requires no tool lead free ungated" file="Label Sheet Tool (Tests\Feature\Tools\LabelSheetTool)::Tool requires no tool lead free ungated" class="Tests\Feature\Tools\LabelSheetToolTest" classname="Tests.Feature.Tools.LabelSheetToolTest" assertions="1" time="0.092199"/>
    </testsuite>
    <testsuite name="Tests\Feature\Tools\MarginCalculatorToolTest" file="Margin Calculator Tool (Tests\Feature\Tools\MarginCalculatorTool)" tests="2" assertions="4" errors="0" failures="0" skipped="0" time="0.251493">
      <testcase name="Margin calculator page loads" file="Margin Calculator Tool (Tests\Feature\Tools\MarginCalculatorTool)::Margin calculator page loads" class="Tests\Feature\Tools\MarginCalculatorToolTest" classname="Tests.Feature.Tools.MarginCalculatorToolTest" assertions="1" time="0.137977"/>
      <testcase name="Margin calculator page has seo content for crawlers" file="Margin Calculator Tool (Tests\Feature\Tools\MarginCalculatorTool)::Margin calculator page has seo content for crawlers" class="Tests\Feature\Tools\MarginCalculatorToolTest" classname="Tests.Feature.Tools.MarginCalculatorToolTest" assertions="3" time="0.113516"/>
    </testsuite>
    <testsuite name="Tests\Feature\Tools\PackingSlipToolTest" file="Packing Slip Tool (Tests\Feature\Tools\PackingSlipTool)" tests="7" assertions="19" errors="0" failures="0" skipped="0" time="0.798781">
      <testcase name="Packing slip page loads" file="Packing Slip Tool (Tests\Feature\Tools\PackingSlipTool)::Packing slip page loads" class="Tests\Feature\Tools\PackingSlipToolTest" classname="Tests.Feature.Tools.PackingSlipToolTest" assertions="1" time="0.117663"/>
      <testcase name="Render produces a pdf" file="Packing Slip Tool (Tests\Feature\Tools\PackingSlipTool)::Render produces a pdf" class="Tests\Feature\Tools\PackingSlipToolTest" classname="Tests.Feature.Tools.PackingSlipToolTest" assertions="4" time="0.124786"/>
      <testcase name="Missing ship from name is rejected" file="Packing Slip Tool (Tests\Feature\Tools\PackingSlipTool)::Missing ship from name is rejected" class="Tests\Feature\Tools\PackingSlipToolTest" classname="Tests.Feature.Tools.PackingSlipToolTest" assertions="1" time="0.064321"/>
      <testcase name="Missing ship to name is rejected" file="Packing Slip Tool (Tests\Feature\Tools\PackingSlipTool)::Missing ship to name is rejected" class="Tests\Feature\Tools\PackingSlipToolTest" classname="Tests.Feature.Tools.PackingSlipToolTest" assertions="1" time="0.084343"/>
      <testcase name="Missing line items is rejected" file="Packing Slip Tool (Tests\Feature\Tools\PackingSlipTool)::Missing line items is rejected" class="Tests\Feature\Tools\PackingSlipToolTest" classname="Tests.Feature.Tools.PackingSlipToolTest" assertions="1" time="0.062057"/>
      <testcase name="Partial shipment is detected and totals computed" file="Packing Slip Tool (Tests\Feature\Tools\PackingSlipTool)::Partial shipment is detected and totals computed" class="Tests\Feature\Tools\PackingSlipToolTest" classname="Tests.Feature.Tools.PackingSlipToolTest" assertions="3" time="0.094051"/>
      <testcase name="Every template renders" file="Packing Slip Tool (Tests\Feature\Tools\PackingSlipTool)::Every template renders" class="Tests\Feature\Tools\PackingSlipToolTest" classname="Tests.Feature.Tools.PackingSlipToolTest" assertions="8" time="0.251560"/>
    </testsuite>
    <testsuite name="Tests\Feature\Tools\PaymentFeeToolTest" file="Payment Fee Tool (Tests\Feature\Tools\PaymentFeeTool)" tests="2" assertions="4" errors="0" failures="0" skipped="0" time="0.263856">
      <testcase name="Payment fee calculator page loads" file="Payment Fee Tool (Tests\Feature\Tools\PaymentFeeTool)::Payment fee calculator page loads" class="Tests\Feature\Tools\PaymentFeeToolTest" classname="Tests.Feature.Tools.PaymentFeeToolTest" assertions="1" time="0.129527"/>
      <testcase name="Payment fee calculator page has seo content for crawlers" file="Payment Fee Tool (Tests\Feature\Tools\PaymentFeeTool)::Payment fee calculator page has seo content for crawlers" class="Tests\Feature\Tools\PaymentFeeToolTest" classname="Tests.Feature.Tools.PaymentFeeToolTest" assertions="3" time="0.134330"/>
    </testsuite>
    <testsuite name="Tests\Feature\Tools\PosRoiToolTest" file="Pos Roi Tool (Tests\Feature\Tools\PosRoiTool)" tests="2" assertions="4" errors="0" failures="0" skipped="0" time="0.257220">
      <testcase name="Pos roi calculator page loads" file="Pos Roi Tool (Tests\Feature\Tools\PosRoiTool)::Pos roi calculator page loads" class="Tests\Feature\Tools\PosRoiToolTest" classname="Tests.Feature.Tools.PosRoiToolTest" assertions="1" time="0.114680"/>
      <testcase name="Pos roi calculator page has seo content for crawlers" file="Pos Roi Tool (Tests\Feature\Tools\PosRoiTool)::Pos roi calculator page has seo content for crawlers" class="Tests\Feature\Tools\PosRoiToolTest" classname="Tests.Feature.Tools.PosRoiToolTest" assertions="3" time="0.142540"/>
    </testsuite>
    <testsuite name="Tests\Feature\Tools\PriceTagToolTest" file="Price Tag Tool (Tests\Feature\Tools\PriceTagTool)" tests="8" assertions="29" errors="0" failures="0" skipped="0" time="0.908363">
      <testcase name="Price tag page loads" file="Price Tag Tool (Tests\Feature\Tools\PriceTagTool)::Price tag page loads" class="Tests\Feature\Tools\PriceTagToolTest" classname="Tests.Feature.Tools.PriceTagToolTest" assertions="2" time="0.116983"/>
      <testcase name="Manual entry rows produce a pdf" file="Price Tag Tool (Tests\Feature\Tools\PriceTagTool)::Manual entry rows produce a pdf" class="Tests\Feature\Tools\PriceTagToolTest" classname="Tests.Feature.Tools.PriceTagToolTest" assertions="4" time="0.113630"/>
      <testcase name="Csv parse endpoint parses lines correctly" file="Price Tag Tool (Tests\Feature\Tools\PriceTagTool)::Csv parse endpoint parses lines correctly" class="Tests\Feature\Tools\PriceTagToolTest" classname="Tests.Feature.Tools.PriceTagToolTest" assertions="2" time="0.087132"/>
      <testcase name="Every preset builds without error" file="Price Tag Tool (Tests\Feature\Tools\PriceTagTool)::Every preset builds without error" class="Tests\Feature\Tools\PriceTagToolTest" classname="Tests.Feature.Tools.PriceTagToolTest" assertions="16" time="0.262068"/>
      <testcase name="Quantity multiplier copies works" file="Price Tag Tool (Tests\Feature\Tools\PriceTagTool)::Quantity multiplier copies works" class="Tests\Feature\Tools\PriceTagToolTest" classname="Tests.Feature.Tools.PriceTagToolTest" assertions="2" time="0.091845"/>
      <testcase name="Missing items rejected with 422" file="Price Tag Tool (Tests\Feature\Tools\PriceTagTool)::Missing items rejected with 422" class="Tests\Feature\Tools\PriceTagToolTest" classname="Tests.Feature.Tools.PriceTagToolTest" assertions="1" time="0.070287"/>
      <testcase name="Invalid preset rejected with 422" file="Price Tag Tool (Tests\Feature\Tools\PriceTagTool)::Invalid preset rejected with 422" class="Tests\Feature\Tools\PriceTagToolTest" classname="Tests.Feature.Tools.PriceTagToolTest" assertions="1" time="0.073070"/>
      <testcase name="Tool requires no tool lead free ungated" file="Price Tag Tool (Tests\Feature\Tools\PriceTagTool)::Tool requires no tool lead free ungated" class="Tests\Feature\Tools\PriceTagToolTest" classname="Tests.Feature.Tools.PriceTagToolTest" assertions="1" time="0.093348"/>
    </testsuite>
    <testsuite name="Tests\Feature\Tools\ProductCsvCleanerToolTest" file="Product Csv Cleaner Tool (Tests\Feature\Tools\ProductCsvCleanerTool)" tests="13" assertions="35" errors="0" failures="0" skipped="0" time="0.995985">
      <testcase name="Page loads" file="Product Csv Cleaner Tool (Tests\Feature\Tools\ProductCsvCleanerTool)::Page loads" class="Tests\Feature\Tools\ProductCsvCleanerToolTest" classname="Tests.Feature.Tools.ProductCsvCleanerToolTest" assertions="1" time="0.139888"/>
      <testcase name="Parsing malformed price normalizes it" file="Product Csv Cleaner Tool (Tests\Feature\Tools\ProductCsvCleanerTool)::Parsing malformed price normalizes it" class="Tests\Feature\Tools\ProductCsvCleanerToolTest" classname="Tests.Feature.Tools.ProductCsvCleanerToolTest" assertions="5" time="0.063622"/>
      <testcase name="Thousands separator price normalizes correctly" file="Product Csv Cleaner Tool (Tests\Feature\Tools\ProductCsvCleanerTool)::Thousands separator price normalizes correctly" class="Tests\Feature\Tools\ProductCsvCleanerToolTest" classname="Tests.Feature.Tools.ProductCsvCleanerToolTest" assertions="2" time="0.066097"/>
      <testcase name="Duplicate sku detection" file="Product Csv Cleaner Tool (Tests\Feature\Tools\ProductCsvCleanerTool)::Duplicate sku detection" class="Tests\Feature\Tools\ProductCsvCleanerToolTest" classname="Tests.Feature.Tools.ProductCsvCleanerToolTest" assertions="4" time="0.078568"/>
      <testcase name="Missing sku detection" file="Product Csv Cleaner Tool (Tests\Feature\Tools\ProductCsvCleanerTool)::Missing sku detection" class="Tests\Feature\Tools\ProductCsvCleanerToolTest" classname="Tests.Feature.Tools.ProductCsvCleanerToolTest" assertions="3" time="0.066125"/>
      <testcase name="Missing sku auto generation when opted in" file="Product Csv Cleaner Tool (Tests\Feature\Tools\ProductCsvCleanerTool)::Missing sku auto generation when opted in" class="Tests\Feature\Tools\ProductCsvCleanerToolTest" classname="Tests.Feature.Tools.ProductCsvCleanerToolTest" assertions="3" time="0.078819"/>
      <testcase name="Invalid barcode detection reuses barcode service" file="Product Csv Cleaner Tool (Tests\Feature\Tools\ProductCsvCleanerTool)::Invalid barcode detection reuses barcode service" class="Tests\Feature\Tools\ProductCsvCleanerToolTest" classname="Tests.Feature.Tools.ProductCsvCleanerToolTest" assertions="2" time="0.064254"/>
      <testcase name="Valid barcode is not flagged" file="Product Csv Cleaner Tool (Tests\Feature\Tools\ProductCsvCleanerTool)::Valid barcode is not flagged" class="Tests\Feature\Tools\ProductCsvCleanerToolTest" classname="Tests.Feature.Tools.ProductCsvCleanerToolTest" assertions="2" time="0.070447"/>
      <testcase name="Row cap enforced with clear error" file="Product Csv Cleaner Tool (Tests\Feature\Tools\ProductCsvCleanerTool)::Row cap enforced with clear error" class="Tests\Feature\Tools\ProductCsvCleanerToolTest" classname="Tests.Feature.Tools.ProductCsvCleanerToolTest" assertions="2" time="0.074415"/>
      <testcase name="Download endpoint returns valid csv" file="Product Csv Cleaner Tool (Tests\Feature\Tools\ProductCsvCleanerTool)::Download endpoint returns valid csv" class="Tests\Feature\Tools\ProductCsvCleanerToolTest" classname="Tests.Feature.Tools.ProductCsvCleanerToolTest" assertions="5" time="0.074571"/>
      <testcase name="File upload mode is supported" file="Product Csv Cleaner Tool (Tests\Feature\Tools\ProductCsvCleanerTool)::File upload mode is supported" class="Tests\Feature\Tools\ProductCsvCleanerToolTest" classname="Tests.Feature.Tools.ProductCsvCleanerToolTest" assertions="2" time="0.080737"/>
      <testcase name="Empty rows are skipped not flagged" file="Product Csv Cleaner Tool (Tests\Feature\Tools\ProductCsvCleanerTool)::Empty rows are skipped not flagged" class="Tests\Feature\Tools\ProductCsvCleanerToolTest" classname="Tests.Feature.Tools.ProductCsvCleanerToolTest" assertions="2" time="0.076244"/>
      <testcase name="Tool is free and ungated" file="Product Csv Cleaner Tool (Tests\Feature\Tools\ProductCsvCleanerTool)::Tool is free and ungated" class="Tests\Feature\Tools\ProductCsvCleanerToolTest" classname="Tests.Feature.Tools.ProductCsvCleanerToolTest" assertions="2" time="0.062199"/>
    </testsuite>
    <testsuite name="Tests\Feature\Tools\PurchaseOrderToolTest" file="Purchase Order Tool (Tests\Feature\Tools\PurchaseOrderTool)" tests="7" assertions="18" errors="0" failures="0" skipped="0" time="0.762699">
      <testcase name="Purchase order page loads" file="Purchase Order Tool (Tests\Feature\Tools\PurchaseOrderTool)::Purchase order page loads" class="Tests\Feature\Tools\PurchaseOrderToolTest" classname="Tests.Feature.Tools.PurchaseOrderToolTest" assertions="1" time="0.128058"/>
      <testcase name="Render produces a pdf" file="Purchase Order Tool (Tests\Feature\Tools\PurchaseOrderTool)::Render produces a pdf" class="Tests\Feature\Tools\PurchaseOrderToolTest" classname="Tests.Feature.Tools.PurchaseOrderToolTest" assertions="4" time="0.107863"/>
      <testcase name="Missing buyer name is rejected" file="Purchase Order Tool (Tests\Feature\Tools\PurchaseOrderTool)::Missing buyer name is rejected" class="Tests\Feature\Tools\PurchaseOrderToolTest" classname="Tests.Feature.Tools.PurchaseOrderToolTest" assertions="1" time="0.065125"/>
      <testcase name="Missing vendor name is rejected" file="Purchase Order Tool (Tests\Feature\Tools\PurchaseOrderTool)::Missing vendor name is rejected" class="Tests\Feature\Tools\PurchaseOrderToolTest" classname="Tests.Feature.Tools.PurchaseOrderToolTest" assertions="1" time="0.064798"/>
      <testcase name="Missing line items is rejected" file="Purchase Order Tool (Tests\Feature\Tools\PurchaseOrderTool)::Missing line items is rejected" class="Tests\Feature\Tools\PurchaseOrderToolTest" classname="Tests.Feature.Tools.PurchaseOrderToolTest" assertions="1" time="0.091347"/>
      <testcase name="Totals are computed correctly" file="Purchase Order Tool (Tests\Feature\Tools\PurchaseOrderTool)::Totals are computed correctly" class="Tests\Feature\Tools\PurchaseOrderToolTest" classname="Tests.Feature.Tools.PurchaseOrderToolTest" assertions="4" time="0.092356"/>
      <testcase name="Every template renders" file="Purchase Order Tool (Tests\Feature\Tools\PurchaseOrderTool)::Every template renders" class="Tests\Feature\Tools\PurchaseOrderToolTest" classname="Tests.Feature.Tools.PurchaseOrderToolTest" assertions="6" time="0.213152"/>
    </testsuite>
    <testsuite name="Tests\Feature\Tools\QrCodeToolTest" file="Qr Code Tool (Tests\Feature\Tools\QrCodeTool)" tests="19" assertions="39" errors="0" failures="0" skipped="0" time="1.275526">
      <testcase name="Index page renders" file="Qr Code Tool (Tests\Feature\Tools\QrCodeTool)::Index page renders" class="Tests\Feature\Tools\QrCodeToolTest" classname="Tests.Feature.Tools.QrCodeToolTest" assertions="1" time="0.161022"/>
      <testcase name="Url payload adds https scheme when missing" file="Qr Code Tool (Tests\Feature\Tools\QrCodeTool)::Url payload adds https scheme when missing" class="Tests\Feature\Tools\QrCodeToolTest" classname="Tests.Feature.Tools.QrCodeToolTest" assertions="1" time="0.054669"/>
      <testcase name="Url payload preserves existing scheme" file="Qr Code Tool (Tests\Feature\Tools\QrCodeTool)::Url payload preserves existing scheme" class="Tests\Feature\Tools\QrCodeToolTest" classname="Tests.Feature.Tools.QrCodeToolTest" assertions="1" time="0.050695"/>
      <testcase name="Text payload requires non empty text" file="Qr Code Tool (Tests\Feature\Tools\QrCodeTool)::Text payload requires non empty text" class="Tests\Feature\Tools\QrCodeToolTest" classname="Tests.Feature.Tools.QrCodeToolTest" assertions="1" time="0.051678"/>
      <testcase name="Wifi payload matches standard format" file="Qr Code Tool (Tests\Feature\Tools\QrCodeTool)::Wifi payload matches standard format" class="Tests\Feature\Tools\QrCodeToolTest" classname="Tests.Feature.Tools.QrCodeToolTest" assertions="1" time="0.051530"/>
      <testcase name="Wifi payload nopass omits password segment" file="Qr Code Tool (Tests\Feature\Tools\QrCodeTool)::Wifi payload nopass omits password segment" class="Tests\Feature\Tools\QrCodeToolTest" classname="Tests.Feature.Tools.QrCodeToolTest" assertions="1" time="0.063948"/>
      <testcase name="Wifi payload requires password unless nopass" file="Qr Code Tool (Tests\Feature\Tools\QrCodeTool)::Wifi payload requires password unless nopass" class="Tests\Feature\Tools\QrCodeToolTest" classname="Tests.Feature.Tools.QrCodeToolTest" assertions="1" time="0.051345"/>
      <testcase name="Wifi payload escapes special characters" file="Qr Code Tool (Tests\Feature\Tools\QrCodeTool)::Wifi payload escapes special characters" class="Tests\Feature\Tools\QrCodeToolTest" classname="Tests.Feature.Tools.QrCodeToolTest" assertions="2" time="0.057093"/>
      <testcase name="Vcard payload is valid vcard 3 block" file="Qr Code Tool (Tests\Feature\Tools\QrCodeTool)::Vcard payload is valid vcard 3 block" class="Tests\Feature\Tools\QrCodeToolTest" classname="Tests.Feature.Tools.QrCodeToolTest" assertions="8" time="0.052851"/>
      <testcase name="Vcard payload requires name" file="Qr Code Tool (Tests\Feature\Tools\QrCodeTool)::Vcard payload requires name" class="Tests\Feature\Tools\QrCodeToolTest" classname="Tests.Feature.Tools.QrCodeToolTest" assertions="1" time="0.056504"/>
      <testcase name="Email payload builds mailto with subject and body" file="Qr Code Tool (Tests\Feature\Tools\QrCodeTool)::Email payload builds mailto with subject and body" class="Tests\Feature\Tools\QrCodeToolTest" classname="Tests.Feature.Tools.QrCodeToolTest" assertions="3" time="0.052727"/>
      <testcase name="Email payload rejects invalid address" file="Qr Code Tool (Tests\Feature\Tools\QrCodeTool)::Email payload rejects invalid address" class="Tests\Feature\Tools\QrCodeToolTest" classname="Tests.Feature.Tools.QrCodeToolTest" assertions="1" time="0.055788"/>
      <testcase name="Phone payload builds tel uri" file="Qr Code Tool (Tests\Feature\Tools\QrCodeTool)::Phone payload builds tel uri" class="Tests\Feature\Tools\QrCodeToolTest" classname="Tests.Feature.Tools.QrCodeToolTest" assertions="1" time="0.051866"/>
      <testcase name="Unknown type is rejected" file="Qr Code Tool (Tests\Feature\Tools\QrCodeTool)::Unknown type is rejected" class="Tests\Feature\Tools\QrCodeToolTest" classname="Tests.Feature.Tools.QrCodeToolTest" assertions="1" time="0.056083"/>
      <testcase name="Render produces a png for a url" file="Qr Code Tool (Tests\Feature\Tools\QrCodeTool)::Render produces a png for a url" class="Tests\Feature\Tools\QrCodeToolTest" classname="Tests.Feature.Tools.QrCodeToolTest" assertions="7" time="0.113295"/>
      <testcase name="Render svg output" file="Qr Code Tool (Tests\Feature\Tools\QrCodeTool)::Render svg output" class="Tests\Feature\Tools\QrCodeToolTest" classname="Tests.Feature.Tools.QrCodeToolTest" assertions="3" time="0.076564"/>
      <testcase name="Render rejects invalid type" file="Qr Code Tool (Tests\Feature\Tools\QrCodeTool)::Render rejects invalid type" class="Tests\Feature\Tools\QrCodeToolTest" classname="Tests.Feature.Tools.QrCodeToolTest" assertions="1" time="0.062526"/>
      <testcase name="Render returns inline error for empty url not 500" file="Qr Code Tool (Tests\Feature\Tools\QrCodeTool)::Render returns inline error for empty url not 500" class="Tests\Feature\Tools\QrCodeToolTest" classname="Tests.Feature.Tools.QrCodeToolTest" assertions="2" time="0.068394"/>
      <testcase name="Qr generation requires no email" file="Qr Code Tool (Tests\Feature\Tools\QrCodeTool)::Qr generation requires no email" class="Tests\Feature\Tools\QrCodeToolTest" classname="Tests.Feature.Tools.QrCodeToolTest" assertions="2" time="0.086947"/>
    </testsuite>
    <testsuite name="Tests\Feature\Tools\QrMenuToolTest" file="Qr Menu Tool (Tests\Feature\Tools\QrMenuTool)" tests="3" assertions="10" errors="0" failures="0" skipped="0" time="0.362811">
      <testcase name="Index page renders" file="Qr Menu Tool (Tests\Feature\Tools\QrMenuTool)::Index page renders" class="Tests\Feature\Tools\QrMenuToolTest" classname="Tests.Feature.Tools.QrMenuToolTest" assertions="1" time="0.133921"/>
      <testcase name="Render validation fails for empty input" file="Qr Menu Tool (Tests\Feature\Tools\QrMenuTool)::Render validation fails for empty input" class="Tests\Feature\Tools\QrMenuToolTest" classname="Tests.Feature.Tools.QrMenuToolTest" assertions="6" time="0.061777"/>
      <testcase name="Render accepts valid inputs and returns pdf" file="Qr Menu Tool (Tests\Feature\Tools\QrMenuTool)::Render accepts valid inputs and returns pdf" class="Tests\Feature\Tools\QrMenuToolTest" classname="Tests.Feature.Tools.QrMenuToolTest" assertions="3" time="0.167113"/>
    </testsuite>
    <testsuite name="Tests\Feature\Tools\QuotationToolTest" file="Quotation Tool (Tests\Feature\Tools\QuotationTool)" tests="12" assertions="29" errors="0" failures="0" skipped="0" time="1.311655">
      <testcase name="Quote page loads" file="Quotation Tool (Tests\Feature\Tools\QuotationTool)::Quote page loads" class="Tests\Feature\Tools\QuotationToolTest" classname="Tests.Feature.Tools.QuotationToolTest" assertions="1" time="0.137172"/>
      <testcase name="Render produces a pdf" file="Quotation Tool (Tests\Feature\Tools\QuotationTool)::Render produces a pdf" class="Tests\Feature\Tools\QuotationToolTest" classname="Tests.Feature.Tools.QuotationToolTest" assertions="4" time="0.105746"/>
      <testcase name="Missing company name is rejected" file="Quotation Tool (Tests\Feature\Tools\QuotationTool)::Missing company name is rejected" class="Tests\Feature\Tools\QuotationToolTest" classname="Tests.Feature.Tools.QuotationToolTest" assertions="1" time="0.074385"/>
      <testcase name="Missing client name is rejected" file="Quotation Tool (Tests\Feature\Tools\QuotationTool)::Missing client name is rejected" class="Tests\Feature\Tools\QuotationToolTest" classname="Tests.Feature.Tools.QuotationToolTest" assertions="1" time="0.065537"/>
      <testcase name="Missing line items is rejected" file="Quotation Tool (Tests\Feature\Tools\QuotationTool)::Missing line items is rejected" class="Tests\Feature\Tools\QuotationToolTest" classname="Tests.Feature.Tools.QuotationToolTest" assertions="1" time="0.072856"/>
      <testcase name="Totals are computed correctly" file="Quotation Tool (Tests\Feature\Tools\QuotationTool)::Totals are computed correctly" class="Tests\Feature\Tools\QuotationToolTest" classname="Tests.Feature.Tools.QuotationToolTest" assertions="4" time="0.109094"/>
      <testcase name="Every template renders" file="Quotation Tool (Tests\Feature\Tools\QuotationTool)::Every template renders" class="Tests\Feature\Tools\QuotationToolTest" classname="Tests.Feature.Tools.QuotationToolTest" assertions="8" time="0.252782"/>
      <testcase name="Unsupported currency is rejected" file="Quotation Tool (Tests\Feature\Tools\QuotationTool)::Unsupported currency is rejected" class="Tests\Feature\Tools\QuotationToolTest" classname="Tests.Feature.Tools.QuotationToolTest" assertions="1" time="0.087665"/>
      <testcase name="Valid until defaults to issue date plus thirty days when not specified" file="Quotation Tool (Tests\Feature\Tools\QuotationTool)::Valid until defaults to issue date plus thirty days when not specified" class="Tests\Feature\Tools\QuotationToolTest" classname="Tests.Feature.Tools.QuotationToolTest" assertions="2" time="0.089179"/>
      <testcase name="Valid until respects custom validity days" file="Quotation Tool (Tests\Feature\Tools\QuotationTool)::Valid until respects custom validity days" class="Tests\Feature\Tools\QuotationToolTest" classname="Tests.Feature.Tools.QuotationToolTest" assertions="1" time="0.099592"/>
      <testcase name="Document label defaults to quotation and can be set to estimate" file="Quotation Tool (Tests\Feature\Tools\QuotationTool)::Document label defaults to quotation and can be set to estimate" class="Tests\Feature\Tools\QuotationToolTest" classname="Tests.Feature.Tools.QuotationToolTest" assertions="2" time="0.111032"/>
      <testcase name="Quote generation is free and requires no lead" file="Quotation Tool (Tests\Feature\Tools\QuotationTool)::Quote generation is free and requires no lead" class="Tests\Feature\Tools\QuotationToolTest" classname="Tests.Feature.Tools.QuotationToolTest" assertions="3" time="0.106614"/>
    </testsuite>
    <testsuite name="Tests\Feature\Tools\QuoteToolTest" file="Quote Tool (Tests\Feature\Tools\QuoteTool)" tests="4" assertions="25" errors="0" failures="0" skipped="0" time="0.387818">
      <testcase name="Quote tool index page loads successfully" file="Quote Tool (Tests\Feature\Tools\QuoteTool)::Quote tool index page loads successfully" class="Tests\Feature\Tools\QuoteToolTest" classname="Tests.Feature.Tools.QuoteToolTest" assertions="13" time="0.136867"/>
      <testcase name="Quote tool renders pdf successfully" file="Quote Tool (Tests\Feature\Tools\QuoteTool)::Quote tool renders pdf successfully" class="Tests\Feature\Tools\QuoteToolTest" classname="Tests.Feature.Tools.QuoteToolTest" assertions="7" time="0.119862"/>
      <testcase name="Quote tool validation fails with missing data" file="Quote Tool (Tests\Feature\Tools\QuoteTool)::Quote tool validation fails with missing data" class="Tests\Feature\Tools\QuoteToolTest" classname="Tests.Feature.Tools.QuoteToolTest" assertions="2" time="0.073220"/>
      <testcase name="Quote tool is marked live in registry" file="Quote Tool (Tests\Feature\Tools\QuoteTool)::Quote tool is marked live in registry" class="Tests\Feature\Tools\QuoteToolTest" classname="Tests.Feature.Tools.QuoteToolTest" assertions="3" time="0.057869"/>
    </testsuite>
    <testsuite name="Tests\Feature\Tools\RateLimitTest" file="Rate Limit (Tests\Feature\Tools\RateLimit)" tests="2" assertions="62" errors="0" failures="0" skipped="0" time="0.698174">
      <testcase name="Tools limiter blocks after 60 requests per minute" file="Rate Limit (Tests\Feature\Tools\RateLimit)::Tools limiter blocks after 60 requests per minute" class="Tests\Feature\Tools\RateLimitTest" classname="Tests.Feature.Tools.RateLimitTest" assertions="61" time="0.451751"/>
      <testcase name="Tool leads limiter blocks after 5 per hour per ip" file="Rate Limit (Tests\Feature\Tools\RateLimit)::Tool leads limiter blocks after 5 per hour per ip" class="Tests\Feature\Tools\RateLimitTest" classname="Tests.Feature.Tools.RateLimitTest" assertions="1" time="0.246423"/>
    </testsuite>
    <testsuite name="Tests\Feature\Tools\ReceiptToolTest" file="Receipt Tool (Tests\Feature\Tools\ReceiptTool)" tests="9" assertions="22" errors="0" failures="0" skipped="0" time="0.882364">
      <testcase name="Receipt page loads" file="Receipt Tool (Tests\Feature\Tools\ReceiptTool)::Receipt page loads" class="Tests\Feature\Tools\ReceiptToolTest" classname="Tests.Feature.Tools.ReceiptToolTest" assertions="1" time="0.127457"/>
      <testcase name="Render produces a pdf" file="Receipt Tool (Tests\Feature\Tools\ReceiptTool)::Render produces a pdf" class="Tests\Feature\Tools\ReceiptToolTest" classname="Tests.Feature.Tools.ReceiptToolTest" assertions="4" time="0.096882"/>
      <testcase name="Missing store name is rejected" file="Receipt Tool (Tests\Feature\Tools\ReceiptTool)::Missing store name is rejected" class="Tests\Feature\Tools\ReceiptToolTest" classname="Tests.Feature.Tools.ReceiptToolTest" assertions="1" time="0.062625"/>
      <testcase name="Missing line items is rejected" file="Receipt Tool (Tests\Feature\Tools\ReceiptTool)::Missing line items is rejected" class="Tests\Feature\Tools\ReceiptToolTest" classname="Tests.Feature.Tools.ReceiptToolTest" assertions="1" time="0.061909"/>
      <testcase name="Totals are computed correctly flat discount" file="Receipt Tool (Tests\Feature\Tools\ReceiptTool)::Totals are computed correctly flat discount" class="Tests\Feature\Tools\ReceiptToolTest" classname="Tests.Feature.Tools.ReceiptToolTest" assertions="4" time="0.083319"/>
      <testcase name="Totals are computed correctly percentage discount" file="Receipt Tool (Tests\Feature\Tools\ReceiptTool)::Totals are computed correctly percentage discount" class="Tests\Feature\Tools\ReceiptToolTest" classname="Tests.Feature.Tools.ReceiptToolTest" assertions="4" time="0.116897"/>
      <testcase name="Every paper preset renders" file="Receipt Tool (Tests\Feature\Tools\ReceiptTool)::Every paper preset renders" class="Tests\Feature\Tools\ReceiptToolTest" classname="Tests.Feature.Tools.ReceiptToolTest" assertions="4" time="0.149995"/>
      <testcase name="Unsupported currency is rejected" file="Receipt Tool (Tests\Feature\Tools\ReceiptTool)::Unsupported currency is rejected" class="Tests\Feature\Tools\ReceiptToolTest" classname="Tests.Feature.Tools.ReceiptToolTest" assertions="1" time="0.063175"/>
      <testcase name="Receipt generation is free and requires no lead" file="Receipt Tool (Tests\Feature\Tools\ReceiptTool)::Receipt generation is free and requires no lead" class="Tests\Feature\Tools\ReceiptToolTest" classname="Tests.Feature.Tools.ReceiptToolTest" assertions="2" time="0.120105"/>
    </testsuite>
    <testsuite name="Tests\Feature\Tools\SkuGeneratorToolTest" file="Sku Generator Tool (Tests\Feature\Tools\SkuGeneratorTool)" tests="2" assertions="4" errors="0" failures="0" skipped="0" time="0.254451">
      <testcase name="Sku generator page loads" file="Sku Generator Tool (Tests\Feature\Tools\SkuGeneratorTool)::Sku generator page loads" class="Tests\Feature\Tools\SkuGeneratorToolTest" classname="Tests.Feature.Tools.SkuGeneratorToolTest" assertions="1" time="0.138172"/>
      <testcase name="Sku generator page has seo content for crawlers" file="Sku Generator Tool (Tests\Feature\Tools\SkuGeneratorTool)::Sku generator page has seo content for crawlers" class="Tests\Feature\Tools\SkuGeneratorToolTest" classname="Tests.Feature.Tools.SkuGeneratorToolTest" assertions="3" time="0.116279"/>
    </testsuite>
    <testsuite name="Tests\Feature\Tools\StockCountSheetToolTest" file="Stock Count Sheet Tool (Tests\Feature\Tools\StockCountSheetTool)" tests="7" assertions="17" errors="0" failures="0" skipped="0" time="0.615189">
      <testcase name="Stock count page loads" file="Stock Count Sheet Tool (Tests\Feature\Tools\StockCountSheetTool)::Stock count page loads" class="Tests\Feature\Tools\StockCountSheetToolTest" classname="Tests.Feature.Tools.StockCountSheetToolTest" assertions="1" time="0.116127"/>
      <testcase name="Render produces a pdf" file="Stock Count Sheet Tool (Tests\Feature\Tools\StockCountSheetTool)::Render produces a pdf" class="Tests\Feature\Tools\StockCountSheetToolTest" classname="Tests.Feature.Tools.StockCountSheetToolTest" assertions="4" time="0.127958"/>
      <testcase name="Missing store name is rejected" file="Stock Count Sheet Tool (Tests\Feature\Tools\StockCountSheetTool)::Missing store name is rejected" class="Tests\Feature\Tools\StockCountSheetToolTest" classname="Tests.Feature.Tools.StockCountSheetToolTest" assertions="1" time="0.073963"/>
      <testcase name="Missing items is rejected" file="Stock Count Sheet Tool (Tests\Feature\Tools\StockCountSheetTool)::Missing items is rejected" class="Tests\Feature\Tools\StockCountSheetToolTest" classname="Tests.Feature.Tools.StockCountSheetToolTest" assertions="1" time="0.071997"/>
      <testcase name="Csv parser works" file="Stock Count Sheet Tool (Tests\Feature\Tools\StockCountSheetTool)::Csv parser works" class="Tests\Feature\Tools\StockCountSheetToolTest" classname="Tests.Feature.Tools.StockCountSheetToolTest" assertions="6" time="0.052288"/>
      <testcase name="Csv parse endpoint returns json" file="Stock Count Sheet Tool (Tests\Feature\Tools\StockCountSheetTool)::Csv parse endpoint returns json" class="Tests\Feature\Tools\StockCountSheetToolTest" classname="Tests.Feature.Tools.StockCountSheetToolTest" assertions="2" time="0.067511"/>
      <testcase name="Blind count mode hides expected qty" file="Stock Count Sheet Tool (Tests\Feature\Tools\StockCountSheetTool)::Blind count mode hides expected qty" class="Tests\Feature\Tools\StockCountSheetToolTest" classname="Tests.Feature.Tools.StockCountSheetToolTest" assertions="2" time="0.105346"/>
    </testsuite>
    <testsuite name="Tests\Feature\Tools\ToolLeadCaptureTest" file="Tool Lead Capture (Tests\Feature\Tools\ToolLeadCapture)" tests="11" assertions="34" errors="0" failures="0" skipped="0" time="0.758853">
      <testcase name="Delivery mail is queued even when marketing consent is false" file="Tool Lead Capture (Tests\Feature\Tools\ToolLeadCapture)::Delivery mail is queued even when marketing consent is false" class="Tests\Feature\Tools\ToolLeadCaptureTest" classname="Tests.Feature.Tools.ToolLeadCaptureTest" assertions="1" time="0.062110"/>
      <testcase name="Confirm mail is not queued when marketing consent is false" file="Tool Lead Capture (Tests\Feature\Tools\ToolLeadCapture)::Confirm mail is not queued when marketing consent is false" class="Tests\Feature\Tools\ToolLeadCaptureTest" classname="Tests.Feature.Tools.ToolLeadCaptureTest" assertions="1" time="0.063819"/>
      <testcase name="Confirm mail is queued when marketing consent is true" file="Tool Lead Capture (Tests\Feature\Tools\ToolLeadCapture)::Confirm mail is queued when marketing consent is true" class="Tests\Feature\Tools\ToolLeadCaptureTest" classname="Tests.Feature.Tools.ToolLeadCaptureTest" assertions="2" time="0.059146"/>
      <testcase name="Pending lead is excluded from marketing eligibility" file="Tool Lead Capture (Tests\Feature\Tools\ToolLeadCapture)::Pending lead is excluded from marketing eligibility" class="Tests\Feature\Tools\ToolLeadCaptureTest" classname="Tests.Feature.Tools.ToolLeadCaptureTest" assertions="2" time="0.073965"/>
      <testcase name="Lead becomes marketing eligible only after confirm click" file="Tool Lead Capture (Tests\Feature\Tools\ToolLeadCapture)::Lead becomes marketing eligible only after confirm click" class="Tests\Feature\Tools\ToolLeadCaptureTest" classname="Tests.Feature.Tools.ToolLeadCaptureTest" assertions="4" time="0.071503"/>
      <testcase name="Suppressed email never receives confirm mail but still receives delivery" file="Tool Lead Capture (Tests\Feature\Tools\ToolLeadCapture)::Suppressed email never receives confirm mail but still receives delivery" class="Tests\Feature\Tools\ToolLeadCaptureTest" classname="Tests.Feature.Tools.ToolLeadCaptureTest" assertions="2" time="0.065992"/>
      <testcase name="Consent metadata populated only when consent given" file="Tool Lead Capture (Tests\Feature\Tools\ToolLeadCapture)::Consent metadata populated only when consent given" class="Tests\Feature\Tools\ToolLeadCaptureTest" classname="Tests.Feature.Tools.ToolLeadCaptureTest" assertions="9" time="0.062689"/>
      <testcase name="Unsubscribe writes global suppression and is honoured across leads" file="Tool Lead Capture (Tests\Feature\Tools\ToolLeadCapture)::Unsubscribe writes global suppression and is honoured across leads" class="Tests\Feature\Tools\ToolLeadCaptureTest" classname="Tests.Feature.Tools.ToolLeadCaptureTest" assertions="6" time="0.083784"/>
      <testcase name="Every capture writes a captured event" file="Tool Lead Capture (Tests\Feature\Tools\ToolLeadCapture)::Every capture writes a captured event" class="Tests\Feature\Tools\ToolLeadCaptureTest" classname="Tests.Feature.Tools.ToolLeadCaptureTest" assertions="2" time="0.083128"/>
      <testcase name="Disposable email domain is detected" file="Tool Lead Capture (Tests\Feature\Tools\ToolLeadCapture)::Disposable email domain is detected" class="Tests\Feature\Tools\ToolLeadCaptureTest" classname="Tests.Feature.Tools.ToolLeadCaptureTest" assertions="2" time="0.066902"/>
      <testcase name="Disposable email is rejected at the controller" file="Tool Lead Capture (Tests\Feature\Tools\ToolLeadCapture)::Disposable email is rejected at the controller" class="Tests\Feature\Tools\ToolLeadCaptureTest" classname="Tests.Feature.Tools.ToolLeadCaptureTest" assertions="3" time="0.065812"/>
    </testsuite>
    <testsuite name="Tests\Feature\Tools\ToolSeoCoverageTest" file="Tool Seo Coverage (Tests\Feature\Tools\ToolSeoCoverage)" tests="5" assertions="381" errors="0" failures="0" skipped="0" time="0.420335">
      <testcase name="Every public tool page route has a tool seo entry" file="Tool Seo Coverage (Tests\Feature\Tools\ToolSeoCoverage)::Every public tool page route has a tool seo entry" class="Tests\Feature\Tools\ToolSeoCoverageTest" classname="Tests.Feature.Tools.ToolSeoCoverageTest" assertions="2" time="0.064510"/>
      <testcase name="Every tool seo entry has the five required keys" file="Tool Seo Coverage (Tests\Feature\Tools\ToolSeoCoverage)::Every tool seo entry has the five required keys" class="Tests\Feature\Tools\ToolSeoCoverageTest" classname="Tests.Feature.Tools.ToolSeoCoverageTest" assertions="340" time="0.055853"/>
      <testcase name="No tool seo entry carries aggregate rating schema" file="Tool Seo Coverage (Tests\Feature\Tools\ToolSeoCoverage)::No tool seo entry carries aggregate rating schema" class="Tests\Feature\Tools\ToolSeoCoverageTest" classname="Tests.Feature.Tools.ToolSeoCoverageTest" assertions="34" time="0.057865"/>
      <testcase name="Marketing seo current resolves a tool page for crawlers" file="Tool Seo Coverage (Tests\Feature\Tools\ToolSeoCoverage)::Marketing seo current resolves a tool page for crawlers" class="Tests\Feature\Tools\ToolSeoCoverageTest" classname="Tests.Feature.Tools.ToolSeoCoverageTest" assertions="3" time="0.120020"/>
      <testcase name="Marketing seo current resolves a barcode format child page" file="Tool Seo Coverage (Tests\Feature\Tools\ToolSeoCoverage)::Marketing seo current resolves a barcode format child page" class="Tests\Feature\Tools\ToolSeoCoverageTest" classname="Tests.Feature.Tools.ToolSeoCoverageTest" assertions="2" time="0.122087"/>
    </testsuite>
  </testsuite>
</testsuites>
