<?xml version="1.0" encoding="UTF-8"?>
<testsuites>
  <testsuite name="CLI Arguments" tests="135" assertions="1305" errors="0" failures="0" skipped="0" time="120.191584">
    <testsuite name="Tests\Feature\V3\SalesOrderTest" file="Sales Order (Tests\Feature\V3\SalesOrder)" tests="1" assertions="16" errors="0" failures="0" skipped="0" time="82.925031">
      <testcase name="Can create and convert v3 sales order" file="Sales Order (Tests\Feature\V3\SalesOrder)::Can create and convert v3 sales order" class="Tests\Feature\V3\SalesOrderTest" classname="Tests.Feature.V3.SalesOrderTest" assertions="16" time="82.925031">
        <system-out>﻿﻿﻿﻿﻿﻿﻿﻿</system-out>
      </testcase>
    </testsuite>
    <testsuite name="Tests\Feature\V3\Scenarios\AccountingServiceTest" file="Accounting Service (Tests\Feature\V3\Scenarios\AccountingService)" tests="5" assertions="7" errors="0" failures="0" skipped="0" time="0.343436">
      <testcase name="It rejects an unbalanced entry" file="Accounting Service (Tests\Feature\V3\Scenarios\AccountingService)::It rejects an unbalanced entry" class="Tests\Feature\V3\Scenarios\AccountingServiceTest" classname="Tests.Feature.V3.Scenarios.AccountingServiceTest" assertions="1" time="0.083278"/>
      <testcase name="It creates a balanced entry and returns a journal entry" file="Accounting Service (Tests\Feature\V3\Scenarios\AccountingService)::It creates a balanced entry and returns a journal entry" class="Tests\Feature\V3\Scenarios\AccountingServiceTest" classname="Tests.Feature.V3.Scenarios.AccountingServiceTest" assertions="3" time="0.075232"/>
      <testcase name="It rejects a journal item with both debit and credit populated" file="Accounting Service (Tests\Feature\V3\Scenarios\AccountingService)::It rejects a journal item with both debit and credit populated" class="Tests\Feature\V3\Scenarios\AccountingServiceTest" classname="Tests.Feature.V3.Scenarios.AccountingServiceTest" assertions="1" time="0.056889"/>
      <testcase name="Get balance returns correct debit normal balance" file="Accounting Service (Tests\Feature\V3\Scenarios\AccountingService)::Get balance returns correct debit normal balance" class="Tests\Feature\V3\Scenarios\AccountingServiceTest" classname="Tests.Feature.V3.Scenarios.AccountingServiceTest" assertions="1" time="0.071164"/>
      <testcase name="Reverse entry voids all active payment allocations in same transaction" file="Accounting Service (Tests\Feature\V3\Scenarios\AccountingService)::Reverse entry voids all active payment allocations in same transaction" class="Tests\Feature\V3\Scenarios\AccountingServiceTest" classname="Tests.Feature.V3.Scenarios.AccountingServiceTest" assertions="1" time="0.056874"/>
    </testsuite>
    <testsuite name="Tests\Feature\V3\Scenarios\FifoServiceTest" file="Fifo Service (Tests\Feature\V3\Scenarios\FifoService)" tests="7" assertions="24" errors="0" failures="0" skipped="0" time="0.460898">
      <testcase name="It deducts from oldest batch first" file="Fifo Service (Tests\Feature\V3\Scenarios\FifoService)::It deducts from oldest batch first" class="Tests\Feature\V3\Scenarios\FifoServiceTest" classname="Tests.Feature.V3.Scenarios.FifoServiceTest" assertions="7" time="0.070343"/>
      <testcase name="It spans multiple batches when first is insufficient" file="Fifo Service (Tests\Feature\V3\Scenarios\FifoService)::It spans multiple batches when first is insufficient" class="Tests\Feature\V3\Scenarios\FifoServiceTest" classname="Tests.Feature.V3.Scenarios.FifoServiceTest" assertions="11" time="0.066261"/>
      <testcase name="It throws when stock is insufficient" file="Fifo Service (Tests\Feature\V3\Scenarios\FifoService)::It throws when stock is insufficient" class="Tests\Feature\V3\Scenarios\FifoServiceTest" classname="Tests.Feature.V3.Scenarios.FifoServiceTest" assertions="1" time="0.069908"/>
      <testcase name="Database constraint blocks negative remaining qty" file="Fifo Service (Tests\Feature\V3\Scenarios\FifoService)::Database constraint blocks negative remaining qty" class="Tests\Feature\V3\Scenarios\FifoServiceTest" classname="Tests.Feature.V3.Scenarios.FifoServiceTest" assertions="1" time="0.059169"/>
      <testcase name="It restores stock to exact original batch" file="Fifo Service (Tests\Feature\V3\Scenarios\FifoService)::It restores stock to exact original batch" class="Tests\Feature\V3\Scenarios\FifoServiceTest" classname="Tests.Feature.V3.Scenarios.FifoServiceTest" assertions="2" time="0.073592"/>
      <testcase name="It creates a new batch on receive" file="Fifo Service (Tests\Feature\V3\Scenarios\FifoService)::It creates a new batch on receive" class="Tests\Feature\V3\Scenarios\FifoServiceTest" classname="Tests.Feature.V3.Scenarios.FifoServiceTest" assertions="1" time="0.057259"/>
      <testcase name="It only deducts from the specified warehouse" file="Fifo Service (Tests\Feature\V3\Scenarios\FifoService)::It only deducts from the specified warehouse" class="Tests\Feature\V3\Scenarios\FifoServiceTest" classname="Tests.Feature.V3.Scenarios.FifoServiceTest" assertions="1" time="0.064367"/>
    </testsuite>
    <testsuite name="Tests\Feature\V3\Scenarios\InventoryAndPartyServiceTest" file="Inventory And Party Service (Tests\Feature\V3\Scenarios\InventoryAndPartyService)" tests="9" assertions="17" errors="0" failures="0" skipped="0" time="1.764080">
      <testcase name="Receive purchase creates inventory batch" file="Inventory And Party Service (Tests\Feature\V3\Scenarios\InventoryAndPartyService)::Receive purchase creates inventory batch" class="Tests\Feature\V3\Scenarios\InventoryAndPartyServiceTest" classname="Tests.Feature.V3.Scenarios.InventoryAndPartyServiceTest" assertions="1" time="0.075344"/>
      <testcase name="Receive purchase creates one batch per line item" file="Inventory And Party Service (Tests\Feature\V3\Scenarios\InventoryAndPartyService)::Receive purchase creates one batch per line item" class="Tests\Feature\V3\Scenarios\InventoryAndPartyServiceTest" classname="Tests.Feature.V3.Scenarios.InventoryAndPartyServiceTest" assertions="3" time="0.075088"/>
      <testcase name="Adjust stock decrease deducts fifo oldest first" file="Inventory And Party Service (Tests\Feature\V3\Scenarios\InventoryAndPartyService)::Adjust stock decrease deducts fifo oldest first" class="Tests\Feature\V3\Scenarios\InventoryAndPartyServiceTest" classname="Tests.Feature.V3.Scenarios.InventoryAndPartyServiceTest" assertions="2" time="1.087562"/>
      <testcase name="Adjust stock increase creates batch and posts b11" file="Inventory And Party Service (Tests\Feature\V3\Scenarios\InventoryAndPartyService)::Adjust stock increase creates batch and posts b11" class="Tests\Feature\V3\Scenarios\InventoryAndPartyServiceTest" classname="Tests.Feature.V3.Scenarios.InventoryAndPartyServiceTest" assertions="2" time="0.081564"/>
      <testcase name="Snapshot is built when journal entry has party id" file="Inventory And Party Service (Tests\Feature\V3\Scenarios\InventoryAndPartyService)::Snapshot is built when journal entry has party id" class="Tests\Feature\V3\Scenarios\InventoryAndPartyServiceTest" classname="Tests.Feature.V3.Scenarios.InventoryAndPartyServiceTest" assertions="2" time="0.076477"/>
      <testcase name="Snapshot accumulates across multiple journal entries" file="Inventory And Party Service (Tests\Feature\V3\Scenarios\InventoryAndPartyService)::Snapshot accumulates across multiple journal entries" class="Tests\Feature\V3\Scenarios\InventoryAndPartyServiceTest" classname="Tests.Feature.V3.Scenarios.InventoryAndPartyServiceTest" assertions="2" time="0.101006"/>
      <testcase name="Get balance returns snapshot value" file="Inventory And Party Service (Tests\Feature\V3\Scenarios\InventoryAndPartyService)::Get balance returns snapshot value" class="Tests\Feature\V3\Scenarios\InventoryAndPartyServiceTest" classname="Tests.Feature.V3.Scenarios.InventoryAndPartyServiceTest" assertions="1" time="0.091618"/>
      <testcase name="Snapshot reduces after payment is posted" file="Inventory And Party Service (Tests\Feature\V3\Scenarios\InventoryAndPartyService)::Snapshot reduces after payment is posted" class="Tests\Feature\V3\Scenarios\InventoryAndPartyServiceTest" classname="Tests.Feature.V3.Scenarios.InventoryAndPartyServiceTest" assertions="2" time="0.090833"/>
      <testcase name="Rebuild snapshot result matches live ledger query" file="Inventory And Party Service (Tests\Feature\V3\Scenarios\InventoryAndPartyService)::Rebuild snapshot result matches live ledger query" class="Tests\Feature\V3\Scenarios\InventoryAndPartyServiceTest" classname="Tests.Feature.V3.Scenarios.InventoryAndPartyServiceTest" assertions="2" time="0.084586"/>
    </testsuite>
    <testsuite name="Tests\Feature\V3\Scenarios\ManufacturingServiceTest" file="Manufacturing Service (Tests\Feature\V3\Scenarios\ManufacturingService)" tests="9" assertions="26" errors="0" failures="0" skipped="0" time="0.973993">
      <testcase name="Start production run deducts raw materials fifo" file="Manufacturing Service (Tests\Feature\V3\Scenarios\ManufacturingService)::Start production run deducts raw materials fifo" class="Tests\Feature\V3\Scenarios\ManufacturingServiceTest" classname="Tests.Feature.V3.Scenarios.ManufacturingServiceTest" assertions="4" time="0.114360"/>
      <testcase name="Start production run posts wip journal entry" file="Manufacturing Service (Tests\Feature\V3\Scenarios\ManufacturingService)::Start production run posts wip journal entry" class="Tests\Feature\V3\Scenarios\ManufacturingServiceTest" classname="Tests.Feature.V3.Scenarios.ManufacturingServiceTest" assertions="4" time="0.085746"/>
      <testcase name="Complete production run creates finished goods batch" file="Manufacturing Service (Tests\Feature\V3\Scenarios\ManufacturingService)::Complete production run creates finished goods batch" class="Tests\Feature\V3\Scenarios\ManufacturingServiceTest" classname="Tests.Feature.V3.Scenarios.ManufacturingServiceTest" assertions="3" time="0.112509"/>
      <testcase name="Complete production run posts completion journal closing wip" file="Manufacturing Service (Tests\Feature\V3\Scenarios\ManufacturingService)::Complete production run posts completion journal closing wip" class="Tests\Feature\V3\Scenarios\ManufacturingServiceTest" classname="Tests.Feature.V3.Scenarios.ManufacturingServiceTest" assertions="6" time="0.102400"/>
      <testcase name="Partial reverse only reverses unsold quantity" file="Manufacturing Service (Tests\Feature\V3\Scenarios\ManufacturingService)::Partial reverse only reverses unsold quantity" class="Tests\Feature\V3\Scenarios\ManufacturingServiceTest" classname="Tests.Feature.V3.Scenarios.ManufacturingServiceTest" assertions="1" time="0.167803"/>
      <testcase name="Partial reverse throws when attempting to reverse sold units" file="Manufacturing Service (Tests\Feature\V3\Scenarios\ManufacturingService)::Partial reverse throws when attempting to reverse sold units" class="Tests\Feature\V3\Scenarios\ManufacturingServiceTest" classname="Tests.Feature.V3.Scenarios.ManufacturingServiceTest" assertions="1" time="0.112111"/>
      <testcase name="Disassemble posts b30 and creates component batches" file="Manufacturing Service (Tests\Feature\V3\Scenarios\ManufacturingService)::Disassemble posts b30 and creates component batches" class="Tests\Feature\V3\Scenarios\ManufacturingServiceTest" classname="Tests.Feature.V3.Scenarios.ManufacturingServiceTest" assertions="4" time="0.100839"/>
      <testcase name="Disassemble throws when bom percentages do not sum to 100" file="Manufacturing Service (Tests\Feature\V3\Scenarios\ManufacturingService)::Disassemble throws when bom percentages do not sum to 100" class="Tests\Feature\V3\Scenarios\ManufacturingServiceTest" classname="Tests.Feature.V3.Scenarios.ManufacturingServiceTest" assertions="1" time="0.073201"/>
      <testcase name="By product nrv reduces main product cost on completion" file="Manufacturing Service (Tests\Feature\V3\Scenarios\ManufacturingService)::By product nrv reduces main product cost on completion" class="Tests\Feature\V3\Scenarios\ManufacturingServiceTest" classname="Tests.Feature.V3.Scenarios.ManufacturingServiceTest" assertions="2" time="0.105023"/>
    </testsuite>
    <testsuite name="Tests\Feature\V3\Scenarios\PartialReturnTest" file="Partial Return (Tests\Feature\V3\Scenarios\PartialReturn)" tests="5" assertions="12" errors="0" failures="0" skipped="0" time="0.590660">
      <testcase name="Partial qty restores only that qty" file="Partial Return (Tests\Feature\V3\Scenarios\PartialReturn)::Partial qty restores only that qty" class="Tests\Feature\V3\Scenarios\PartialReturnTest" classname="Tests.Feature.V3.Scenarios.PartialReturnTest" assertions="3" time="0.129266"/>
      <testcase name="Partial return calculates proportional cogs" file="Partial Return (Tests\Feature\V3\Scenarios\PartialReturn)::Partial return calculates proportional cogs" class="Tests\Feature\V3\Scenarios\PartialReturnTest" classname="Tests.Feature.V3.Scenarios.PartialReturnTest" assertions="3" time="0.100199"/>
      <testcase name="Proportional net revenue on discounted sale" file="Partial Return (Tests\Feature\V3\Scenarios\PartialReturn)::Proportional net revenue on discounted sale" class="Tests\Feature\V3\Scenarios\PartialReturnTest" classname="Tests.Feature.V3.Scenarios.PartialReturnTest" assertions="3" time="0.107022"/>
      <testcase name="Refund account follows payment method" file="Partial Return (Tests\Feature\V3\Scenarios\PartialReturn)::Refund account follows payment method" class="Tests\Feature\V3\Scenarios\PartialReturnTest" classname="Tests.Feature.V3.Scenarios.PartialReturnTest" assertions="1" time="0.109321"/>
      <testcase name="Over return blocked by clamping" file="Partial Return (Tests\Feature\V3\Scenarios\PartialReturn)::Over return blocked by clamping" class="Tests\Feature\V3\Scenarios\PartialReturnTest" classname="Tests.Feature.V3.Scenarios.PartialReturnTest" assertions="2" time="0.144853"/>
    </testsuite>
    <testsuite name="Tests\Feature\V3\Scenarios\PaymentServiceTest" file="Payment Service (Tests\Feature\V3\Scenarios\PaymentService)" tests="8" assertions="9" errors="0" failures="0" skipped="0" time="0.689415">
      <testcase name="It creates a payment allocation row" file="Payment Service (Tests\Feature\V3\Scenarios\PaymentService)::It creates a payment allocation row" class="Tests\Feature\V3\Scenarios\PaymentServiceTest" classname="Tests.Feature.V3.Scenarios.PaymentServiceTest" assertions="1" time="0.082219"/>
      <testcase name="It sets payment status to partial when underpaid" file="Payment Service (Tests\Feature\V3\Scenarios\PaymentService)::It sets payment status to partial when underpaid" class="Tests\Feature\V3\Scenarios\PaymentServiceTest" classname="Tests.Feature.V3.Scenarios.PaymentServiceTest" assertions="1" time="0.077555"/>
      <testcase name="It sets payment status to paid when fully paid" file="Payment Service (Tests\Feature\V3\Scenarios\PaymentService)::It sets payment status to paid when fully paid" class="Tests\Feature\V3\Scenarios\PaymentServiceTest" classname="Tests.Feature.V3.Scenarios.PaymentServiceTest" assertions="1" time="0.107486"/>
      <testcase name="It blocks over allocation at app layer" file="Payment Service (Tests\Feature\V3\Scenarios\PaymentService)::It blocks over allocation at app layer" class="Tests\Feature\V3\Scenarios\PaymentServiceTest" classname="Tests.Feature.V3.Scenarios.PaymentServiceTest" assertions="1" time="0.081306"/>
      <testcase name="It blocks over allocation when cumulative amount exceeds total" file="Payment Service (Tests\Feature\V3\Scenarios\PaymentService)::It blocks over allocation when cumulative amount exceeds total" class="Tests\Feature\V3\Scenarios\PaymentServiceTest" classname="Tests.Feature.V3.Scenarios.PaymentServiceTest" assertions="1" time="0.088983"/>
      <testcase name="It voids all active allocations for a journal entry" file="Payment Service (Tests\Feature\V3\Scenarios\PaymentService)::It voids all active allocations for a journal entry" class="Tests\Feature\V3\Scenarios\PaymentServiceTest" classname="Tests.Feature.V3.Scenarios.PaymentServiceTest" assertions="1" time="0.077077"/>
      <testcase name="It reverts badge to unpaid after void" file="Payment Service (Tests\Feature\V3\Scenarios\PaymentService)::It reverts badge to unpaid after void" class="Tests\Feature\V3\Scenarios\PaymentServiceTest" classname="Tests.Feature.V3.Scenarios.PaymentServiceTest" assertions="2" time="0.089590"/>
      <testcase name="It auto closes invoice within roundoff tolerance" file="Payment Service (Tests\Feature\V3\Scenarios\PaymentService)::It auto closes invoice within roundoff tolerance" class="Tests\Feature\V3\Scenarios\PaymentServiceTest" classname="Tests.Feature.V3.Scenarios.PaymentServiceTest" assertions="1" time="0.085198"/>
    </testsuite>
    <testsuite name="Tests\Feature\V3\Scenarios\Phase2InventoryScenariosTest" file="Phase2Inventory Scenarios (Tests\Feature\V3\Scenarios\Phase2InventoryScenarios)" tests="9" assertions="254" errors="0" failures="0" skipped="0" time="2.872940">
      <testcase name="S006 fifo is per warehouse" file="Phase2Inventory Scenarios (Tests\Feature\V3\Scenarios\Phase2InventoryScenarios)::S006 fifo is per warehouse" class="Tests\Feature\V3\Scenarios\Phase2InventoryScenariosTest" classname="Tests.Feature.V3.Scenarios.Phase2InventoryScenariosTest" assertions="25" time="0.437056"/>
      <testcase name="S007 stock adjustment decrease fifo" file="Phase2Inventory Scenarios (Tests\Feature\V3\Scenarios\Phase2InventoryScenarios)::S007 stock adjustment decrease fifo" class="Tests\Feature\V3\Scenarios\Phase2InventoryScenariosTest" classname="Tests.Feature.V3.Scenarios.Phase2InventoryScenariosTest" assertions="14" time="0.098069"/>
      <testcase name="S010 credit purchase creates ap and batch" file="Phase2Inventory Scenarios (Tests\Feature\V3\Scenarios\Phase2InventoryScenarios)::S010 credit purchase creates ap and batch" class="Tests\Feature\V3\Scenarios\Phase2InventoryScenariosTest" classname="Tests.Feature.V3.Scenarios.Phase2InventoryScenariosTest" assertions="21" time="0.116553"/>
      <testcase name="S050 partial input tax recovery" file="Phase2Inventory Scenarios (Tests\Feature\V3\Scenarios\Phase2InventoryScenarios)::S050 partial input tax recovery" class="Tests\Feature\V3\Scenarios\Phase2InventoryScenariosTest" classname="Tests.Feature.V3.Scenarios.Phase2InventoryScenariosTest" assertions="26" time="0.323886"/>
      <testcase name="S059 purchase return b18 correct" file="Phase2Inventory Scenarios (Tests\Feature\V3\Scenarios\Phase2InventoryScenarios)::S059 purchase return b18 correct" class="Tests\Feature\V3\Scenarios\Phase2InventoryScenariosTest" classname="Tests.Feature.V3.Scenarios.Phase2InventoryScenariosTest" assertions="43" time="0.435625"/>
      <testcase name="S101 stock transfer no journal" file="Phase2Inventory Scenarios (Tests\Feature\V3\Scenarios\Phase2InventoryScenarios)::S101 stock transfer no journal" class="Tests\Feature\V3\Scenarios\Phase2InventoryScenariosTest" classname="Tests.Feature.V3.Scenarios.Phase2InventoryScenariosTest" assertions="24" time="0.322913"/>
      <testcase name="S102 stock writeoff posts to 6300" file="Phase2Inventory Scenarios (Tests\Feature\V3\Scenarios\Phase2InventoryScenarios)::S102 stock writeoff posts to 6300" class="Tests\Feature\V3\Scenarios\Phase2InventoryScenariosTest" classname="Tests.Feature.V3.Scenarios.Phase2InventoryScenariosTest" assertions="14" time="0.285301"/>
      <testcase name="S105 stock adjustment gain posts to 4200" file="Phase2Inventory Scenarios (Tests\Feature\V3\Scenarios\Phase2InventoryScenarios)::S105 stock adjustment gain posts to 4200" class="Tests\Feature\V3\Scenarios\Phase2InventoryScenariosTest" classname="Tests.Feature.V3.Scenarios.Phase2InventoryScenariosTest" assertions="31" time="0.347617"/>
      <testcase name="S025 supplier payment b5 allocates" file="Phase2Inventory Scenarios (Tests\Feature\V3\Scenarios\Phase2InventoryScenarios)::S025 supplier payment b5 allocates" class="Tests\Feature\V3\Scenarios\Phase2InventoryScenariosTest" classname="Tests.Feature.V3.Scenarios.Phase2InventoryScenariosTest" assertions="56" time="0.505920"/>
    </testsuite>
    <testsuite name="Tests\Feature\V3\Scenarios\Phase3SalesScenariosTest" file="Phase3Sales Scenarios (Tests\Feature\V3\Scenarios\Phase3SalesScenarios)" tests="14" assertions="390" errors="0" failures="0" skipped="0" time="5.606253">
      <testcase name="S011 below cost sale requires manager pin" file="Phase3Sales Scenarios (Tests\Feature\V3\Scenarios\Phase3SalesScenarios)::S011 below cost sale requires manager pin" class="Tests\Feature\V3\Scenarios\Phase3SalesScenariosTest" classname="Tests.Feature.V3.Scenarios.Phase3SalesScenariosTest" assertions="36" time="0.398632"/>
      <testcase name="S018 partial payment sets badge to partial" file="Phase3Sales Scenarios (Tests\Feature\V3\Scenarios\Phase3SalesScenarios)::S018 partial payment sets badge to partial" class="Tests\Feature\V3\Scenarios\Phase3SalesScenariosTest" classname="Tests.Feature.V3.Scenarios.Phase3SalesScenariosTest" assertions="35" time="0.392190"/>
      <testcase name="S020 bounced cheque b25 reverts invoice" file="Phase3Sales Scenarios (Tests\Feature\V3\Scenarios\Phase3SalesScenarios)::S020 bounced cheque b25 reverts invoice" class="Tests\Feature\V3\Scenarios\Phase3SalesScenariosTest" classname="Tests.Feature.V3.Scenarios.Phase3SalesScenariosTest" assertions="32" time="0.395053"/>
      <testcase name="S021 bad debt writeoff b26 requires approval" file="Phase3Sales Scenarios (Tests\Feature\V3\Scenarios\Phase3SalesScenarios)::S021 bad debt writeoff b26 requires approval" class="Tests\Feature\V3\Scenarios\Phase3SalesScenariosTest" classname="Tests.Feature.V3.Scenarios.Phase3SalesScenariosTest" assertions="25" time="0.398969"/>
      <testcase name="S023 customer advance b20 zero tax" file="Phase3Sales Scenarios (Tests\Feature\V3\Scenarios\Phase3SalesScenarios)::S023 customer advance b20 zero tax" class="Tests\Feature\V3\Scenarios\Phase3SalesScenariosTest" classname="Tests.Feature.V3.Scenarios.Phase3SalesScenariosTest" assertions="33" time="0.338640"/>
      <testcase name="S024 sale return after partial payment" file="Phase3Sales Scenarios (Tests\Feature\V3\Scenarios\Phase3SalesScenarios)::S024 sale return after partial payment" class="Tests\Feature\V3\Scenarios\Phase3SalesScenariosTest" classname="Tests.Feature.V3.Scenarios.Phase3SalesScenariosTest" assertions="31" time="0.447573"/>
      <testcase name="S028 customer overpayment blocked" file="Phase3Sales Scenarios (Tests\Feature\V3\Scenarios\Phase3SalesScenarios)::S028 customer overpayment blocked" class="Tests\Feature\V3\Scenarios\Phase3SalesScenariosTest" classname="Tests.Feature.V3.Scenarios.Phase3SalesScenariosTest" assertions="18" time="0.448644"/>
      <testcase name="S033 credit sale fully returned ar nets zero" file="Phase3Sales Scenarios (Tests\Feature\V3\Scenarios\Phase3SalesScenarios)::S033 credit sale fully returned ar nets zero" class="Tests\Feature\V3\Scenarios\Phase3SalesScenariosTest" classname="Tests.Feature.V3.Scenarios.Phase3SalesScenariosTest" assertions="38" time="0.449525"/>
      <testcase name="S039 tiered pricing blended unit price" file="Phase3Sales Scenarios (Tests\Feature\V3\Scenarios\Phase3SalesScenarios)::S039 tiered pricing blended unit price" class="Tests\Feature\V3\Scenarios\Phase3SalesScenariosTest" classname="Tests.Feature.V3.Scenarios.Phase3SalesScenariosTest" assertions="31" time="0.418260"/>
      <testcase name="S040 promotional free item zero price with cogs" file="Phase3Sales Scenarios (Tests\Feature\V3\Scenarios\Phase3SalesScenarios)::S040 promotional free item zero price with cogs" class="Tests\Feature\V3\Scenarios\Phase3SalesScenariosTest" classname="Tests.Feature.V3.Scenarios.Phase3SalesScenariosTest" assertions="23" time="0.147341"/>
      <testcase name="S044 discount above limit blocked" file="Phase3Sales Scenarios (Tests\Feature\V3\Scenarios\Phase3SalesScenarios)::S044 discount above limit blocked" class="Tests\Feature\V3\Scenarios\Phase3SalesScenariosTest" classname="Tests.Feature.V3.Scenarios.Phase3SalesScenariosTest" assertions="27" time="0.479949"/>
      <testcase name="S045 sales order price locked" file="Phase3Sales Scenarios (Tests\Feature\V3\Scenarios\Phase3SalesScenarios)::S045 sales order price locked" class="Tests\Feature\V3\Scenarios\Phase3SalesScenariosTest" classname="Tests.Feature.V3.Scenarios.Phase3SalesScenariosTest" assertions="21" time="0.336855"/>
      <testcase name="S046 invoice pdf generates" file="Phase3Sales Scenarios (Tests\Feature\V3\Scenarios\Phase3SalesScenarios)::S046 invoice pdf generates" class="Tests\Feature\V3\Scenarios\Phase3SalesScenariosTest" classname="Tests.Feature.V3.Scenarios.Phase3SalesScenariosTest" assertions="8" time="0.561137"/>
      <testcase name="S090 bad debt writeoff correct accounts" file="Phase3Sales Scenarios (Tests\Feature\V3\Scenarios\Phase3SalesScenarios)::S090 bad debt writeoff correct accounts" class="Tests\Feature\V3\Scenarios\Phase3SalesScenariosTest" classname="Tests.Feature.V3.Scenarios.Phase3SalesScenariosTest" assertions="32" time="0.393487"/>
    </testsuite>
    <testsuite name="Tests\Feature\V3\Scenarios\Phase4OperationsScenariosTest" file="Phase4Operations Scenarios (Tests\Feature\V3\Scenarios\Phase4OperationsScenarios)" tests="14" assertions="223" errors="0" failures="0" skipped="0" time="5.701145">
      <testcase name="S062 bank transfer b16 correct accounts" file="Phase4Operations Scenarios (Tests\Feature\V3\Scenarios\Phase4OperationsScenarios)::S062 bank transfer b16 correct accounts" class="Tests\Feature\V3\Scenarios\Phase4OperationsScenariosTest" classname="Tests.Feature.V3.Scenarios.Phase4OperationsScenariosTest" assertions="23" time="0.448062"/>
      <testcase name="S083 operating expense b13 posts correctly" file="Phase4Operations Scenarios (Tests\Feature\V3\Scenarios\Phase4OperationsScenarios)::S083 operating expense b13 posts correctly" class="Tests\Feature\V3\Scenarios\Phase4OperationsScenariosTest" classname="Tests.Feature.V3.Scenarios.Phase4OperationsScenariosTest" assertions="13" time="0.414769"/>
      <testcase name="S073 future dated transaction blocked" file="Phase4Operations Scenarios (Tests\Feature\V3\Scenarios\Phase4OperationsScenarios)::S073 future dated transaction blocked" class="Tests\Feature\V3\Scenarios\Phase4OperationsScenariosTest" classname="Tests.Feature.V3.Scenarios.Phase4OperationsScenariosTest" assertions="24" time="0.476037"/>
      <testcase name="S082 salary accrual b7 posts correctly" file="Phase4Operations Scenarios (Tests\Feature\V3\Scenarios\Phase4OperationsScenarios)::S082 salary accrual b7 posts correctly" class="Tests\Feature\V3\Scenarios\Phase4OperationsScenariosTest" classname="Tests.Feature.V3.Scenarios.Phase4OperationsScenariosTest" assertions="13" time="0.390862"/>
      <testcase name="S078 salary payment with advance deduction" file="Phase4Operations Scenarios (Tests\Feature\V3\Scenarios\Phase4OperationsScenarios)::S078 salary payment with advance deduction" class="Tests\Feature\V3\Scenarios\Phase4OperationsScenariosTest" classname="Tests.Feature.V3.Scenarios.Phase4OperationsScenariosTest" assertions="17" time="0.412170"/>
      <testcase name="S013 production deducts bom materials fifo" file="Phase4Operations Scenarios (Tests\Feature\V3\Scenarios\Phase4OperationsScenarios)::S013 production deducts bom materials fifo" class="Tests\Feature\V3\Scenarios\Phase4OperationsScenariosTest" classname="Tests.Feature.V3.Scenarios.Phase4OperationsScenariosTest" assertions="9" time="0.228986"/>
      <testcase name="S014 sub assembly bom five levels" file="Phase4Operations Scenarios (Tests\Feature\V3\Scenarios\Phase4OperationsScenarios)::S014 sub assembly bom five levels" class="Tests\Feature\V3\Scenarios\Phase4OperationsScenariosTest" classname="Tests.Feature.V3.Scenarios.Phase4OperationsScenariosTest" assertions="22" time="0.668250"/>
      <testcase name="S095 production external labor path a" file="Phase4Operations Scenarios (Tests\Feature\V3\Scenarios\Phase4OperationsScenarios)::S095 production external labor path a" class="Tests\Feature\V3\Scenarios\Phase4OperationsScenariosTest" classname="Tests.Feature.V3.Scenarios.Phase4OperationsScenariosTest" assertions="16" time="0.608128"/>
      <testcase name="S096 production salaried labor path b" file="Phase4Operations Scenarios (Tests\Feature\V3\Scenarios\Phase4OperationsScenarios)::S096 production salaried labor path b" class="Tests\Feature\V3\Scenarios\Phase4OperationsScenariosTest" classname="Tests.Feature.V3.Scenarios.Phase4OperationsScenariosTest" assertions="12" time="0.425043"/>
      <testcase name="S097 production run correct unit cost" file="Phase4Operations Scenarios (Tests\Feature\V3\Scenarios\Phase4OperationsScenarios)::S097 production run correct unit cost" class="Tests\Feature\V3\Scenarios\Phase4OperationsScenariosTest" classname="Tests.Feature.V3.Scenarios.Phase4OperationsScenariosTest" assertions="14" time="0.204647"/>
      <testcase name="S098 wip balance clears on completion" file="Phase4Operations Scenarios (Tests\Feature\V3\Scenarios\Phase4OperationsScenarios)::S098 wip balance clears on completion" class="Tests\Feature\V3\Scenarios\Phase4OperationsScenariosTest" classname="Tests.Feature.V3.Scenarios.Phase4OperationsScenariosTest" assertions="11" time="0.209857"/>
      <testcase name="S104 cash shortage b28 blocked for non manager" file="Phase4Operations Scenarios (Tests\Feature\V3\Scenarios\Phase4OperationsScenarios)::S104 cash shortage b28 blocked for non manager" class="Tests\Feature\V3\Scenarios\Phase4OperationsScenariosTest" classname="Tests.Feature.V3.Scenarios.Phase4OperationsScenariosTest" assertions="14" time="0.412267"/>
      <testcase name="S104b cash shortage b28 requires narration" file="Phase4Operations Scenarios (Tests\Feature\V3\Scenarios\Phase4OperationsScenarios)::S104b cash shortage b28 requires narration" class="Tests\Feature\V3\Scenarios\Phase4OperationsScenariosTest" classname="Tests.Feature.V3.Scenarios.Phase4OperationsScenariosTest" assertions="12" time="0.376673"/>
      <testcase name="S107 insurance claim b29 two steps linked" file="Phase4Operations Scenarios (Tests\Feature\V3\Scenarios\Phase4OperationsScenarios)::S107 insurance claim b29 two steps linked" class="Tests\Feature\V3\Scenarios\Phase4OperationsScenariosTest" classname="Tests.Feature.V3.Scenarios.Phase4OperationsScenariosTest" assertions="23" time="0.425393"/>
    </testsuite>
    <testsuite name="Tests\Feature\V3\Scenarios\Phase56ReportsInfraScenariosTest" file="Phase56Reports Infra Scenarios (Tests\Feature\V3\Scenarios\Phase56ReportsInfraScenarios)" tests="7" assertions="174" errors="0" failures="0" skipped="0" time="13.326020">
      <testcase name="S report 1100 equals batch valuation" file="Phase56Reports Infra Scenarios (Tests\Feature\V3\Scenarios\Phase56ReportsInfraScenarios)::S report 1100 equals batch valuation" class="Tests\Feature\V3\Scenarios\Phase56ReportsInfraScenariosTest" classname="Tests.Feature.V3.Scenarios.Phase56ReportsInfraScenariosTest" assertions="13" time="0.569480"/>
      <testcase name="S report 5000 equals sale item batches" file="Phase56Reports Infra Scenarios (Tests\Feature\V3\Scenarios\Phase56ReportsInfraScenarios)::S report 5000 equals sale item batches" class="Tests\Feature\V3\Scenarios\Phase56ReportsInfraScenariosTest" classname="Tests.Feature.V3.Scenarios.Phase56ReportsInfraScenariosTest" assertions="15" time="0.578728"/>
      <testcase name="S report aged ar equals 1200 balance" file="Phase56Reports Infra Scenarios (Tests\Feature\V3\Scenarios\Phase56ReportsInfraScenarios)::S report aged ar equals 1200 balance" class="Tests\Feature\V3\Scenarios\Phase56ReportsInfraScenariosTest" classname="Tests.Feature.V3.Scenarios.Phase56ReportsInfraScenariosTest" assertions="19" time="0.747636"/>
      <testcase name="S report dashboard cash from accounting service" file="Phase56Reports Infra Scenarios (Tests\Feature\V3\Scenarios\Phase56ReportsInfraScenarios)::S report dashboard cash from accounting service" class="Tests\Feature\V3\Scenarios\Phase56ReportsInfraScenariosTest" classname="Tests.Feature.V3.Scenarios.Phase56ReportsInfraScenariosTest" assertions="29" time="1.519263"/>
      <testcase name="S report 7000 nets zero after fiscal close" file="Phase56Reports Infra Scenarios (Tests\Feature\V3\Scenarios\Phase56ReportsInfraScenarios)::S report 7000 nets zero after fiscal close" class="Tests\Feature\V3\Scenarios\Phase56ReportsInfraScenariosTest" classname="Tests.Feature.V3.Scenarios.Phase56ReportsInfraScenariosTest" assertions="36" time="0.482858"/>
      <testcase name="S connection guard blocks offline writes" file="Phase56Reports Infra Scenarios (Tests\Feature\V3\Scenarios\Phase56ReportsInfraScenarios)::S connection guard blocks offline writes" class="Tests\Feature\V3\Scenarios\Phase56ReportsInfraScenariosTest" classname="Tests.Feature.V3.Scenarios.Phase56ReportsInfraScenariosTest" assertions="22" time="8.487271"/>
      <testcase name="S audit log records full context" file="Phase56Reports Infra Scenarios (Tests\Feature\V3\Scenarios\Phase56ReportsInfraScenarios)::S audit log records full context" class="Tests\Feature\V3\Scenarios\Phase56ReportsInfraScenariosTest" classname="Tests.Feature.V3.Scenarios.Phase56ReportsInfraScenariosTest" assertions="40" time="0.940785"/>
    </testsuite>
    <testsuite name="Tests\Feature\V3\Scenarios\ScenarioStubsTest" file="Scenario Stubs (Tests\Feature\V3\Scenarios\ScenarioStubs)" tests="21" assertions="75" errors="0" failures="0" skipped="0" time="2.362331">
      <testcase name="S001 fifo deducts oldest batch first" file="Scenario Stubs (Tests\Feature\V3\Scenarios\ScenarioStubs)::S001 fifo deducts oldest batch first" class="Tests\Feature\V3\Scenarios\ScenarioStubsTest" classname="Tests.Feature.V3.Scenarios.ScenarioStubsTest" assertions="2" time="0.079013"/>
      <testcase name="S004 zero cost item warning" file="Scenario Stubs (Tests\Feature\V3\Scenarios\ScenarioStubs)::S004 zero cost item warning" class="Tests\Feature\V3\Scenarios\ScenarioStubsTest" classname="Tests.Feature.V3.Scenarios.ScenarioStubsTest" assertions="2" time="0.066013"/>
      <testcase name="S012 uom conversion on sale" file="Scenario Stubs (Tests\Feature\V3\Scenarios\ScenarioStubs)::S012 uom conversion on sale" class="Tests\Feature\V3\Scenarios\ScenarioStubsTest" classname="Tests.Feature.V3.Scenarios.ScenarioStubsTest" assertions="2" time="0.070982"/>
      <testcase name="S015 partial production reversal blocks sold units" file="Scenario Stubs (Tests\Feature\V3\Scenarios\ScenarioStubs)::S015 partial production reversal blocks sold units" class="Tests\Feature\V3\Scenarios\ScenarioStubsTest" classname="Tests.Feature.V3.Scenarios.ScenarioStubsTest" assertions="2" time="0.065349"/>
      <testcase name="S022 roundoff tolerance auto closes invoice" file="Scenario Stubs (Tests\Feature\V3\Scenarios\ScenarioStubs)::S022 roundoff tolerance auto closes invoice" class="Tests\Feature\V3\Scenarios\ScenarioStubsTest" classname="Tests.Feature.V3.Scenarios.ScenarioStubsTest" assertions="2" time="0.071242"/>
      <testcase name="S048 tax on advance posted at delivery not receipt" file="Scenario Stubs (Tests\Feature\V3\Scenarios\ScenarioStubs)::S048 tax on advance posted at delivery not receipt" class="Tests\Feature\V3\Scenarios\ScenarioStubsTest" classname="Tests.Feature.V3.Scenarios.ScenarioStubsTest" assertions="2" time="0.065206"/>
      <testcase name="S055 zero cost opening stock blocked" file="Scenario Stubs (Tests\Feature\V3\Scenarios\ScenarioStubs)::S055 zero cost opening stock blocked" class="Tests\Feature\V3\Scenarios\ScenarioStubsTest" classname="Tests.Feature.V3.Scenarios.ScenarioStubsTest" assertions="1" time="0.072387"/>
      <testcase name="S068 over allocation blocked" file="Scenario Stubs (Tests\Feature\V3\Scenarios\ScenarioStubs)::S068 over allocation blocked" class="Tests\Feature\V3\Scenarios\ScenarioStubsTest" classname="Tests.Feature.V3.Scenarios.ScenarioStubsTest" assertions="2" time="0.076047"/>
      <testcase name="S074 wip balance correct during production" file="Scenario Stubs (Tests\Feature\V3\Scenarios\ScenarioStubs)::S074 wip balance correct during production" class="Tests\Feature\V3\Scenarios\ScenarioStubsTest" classname="Tests.Feature.V3.Scenarios.ScenarioStubsTest" assertions="2" time="0.071077"/>
      <testcase name="S080 b27 final settlement composite entry" file="Scenario Stubs (Tests\Feature\V3\Scenarios\ScenarioStubs)::S080 b27 final settlement composite entry" class="Tests\Feature\V3\Scenarios\ScenarioStubsTest" classname="Tests.Feature.V3.Scenarios.ScenarioStubsTest" assertions="2" time="0.068190"/>
      <testcase name="S094 byproduct nrv reduces main cost" file="Scenario Stubs (Tests\Feature\V3\Scenarios\ScenarioStubs)::S094 byproduct nrv reduces main cost" class="Tests\Feature\V3\Scenarios\ScenarioStubsTest" classname="Tests.Feature.V3.Scenarios.ScenarioStubsTest" assertions="2" time="0.073610"/>
      <testcase name="S108 b30 disassembly allocates cost correctly" file="Scenario Stubs (Tests\Feature\V3\Scenarios\ScenarioStubs)::S108 b30 disassembly allocates cost correctly" class="Tests\Feature\V3\Scenarios\ScenarioStubsTest" classname="Tests.Feature.V3.Scenarios.ScenarioStubsTest" assertions="2" time="0.067333"/>
      <testcase name="S003 cash purchase creates batch at correct cost" file="Scenario Stubs (Tests\Feature\V3\Scenarios\ScenarioStubs)::S003 cash purchase creates batch at correct cost" class="Tests\Feature\V3\Scenarios\ScenarioStubsTest" classname="Tests.Feature.V3.Scenarios.ScenarioStubsTest" assertions="5" time="0.099939"/>
      <testcase name="S053 opening balance b19 posts correctly" file="Scenario Stubs (Tests\Feature\V3\Scenarios\ScenarioStubs)::S053 opening balance b19 posts correctly" class="Tests\Feature\V3\Scenarios\ScenarioStubsTest" classname="Tests.Feature.V3.Scenarios.ScenarioStubsTest" assertions="4" time="0.316185"/>
      <testcase name="S054 account 7000 nets to zero" file="Scenario Stubs (Tests\Feature\V3\Scenarios\ScenarioStubs)::S054 account 7000 nets to zero" class="Tests\Feature\V3\Scenarios\ScenarioStubsTest" classname="Tests.Feature.V3.Scenarios.ScenarioStubsTest" assertions="4" time="0.332030"/>
      <testcase name="S002 sale return restores to exact batch" file="Scenario Stubs (Tests\Feature\V3\Scenarios\ScenarioStubs)::S002 sale return restores to exact batch" class="Tests\Feature\V3\Scenarios\ScenarioStubsTest" classname="Tests.Feature.V3.Scenarios.ScenarioStubsTest" assertions="8" time="0.132643"/>
      <testcase name="S005 cash sale b1 no ar" file="Scenario Stubs (Tests\Feature\V3\Scenarios\ScenarioStubs)::S005 cash sale b1 no ar" class="Tests\Feature\V3\Scenarios\ScenarioStubsTest" classname="Tests.Feature.V3.Scenarios.ScenarioStubsTest" assertions="7" time="0.106203"/>
      <testcase name="S009 credit sale b2 creates ar" file="Scenario Stubs (Tests\Feature\V3\Scenarios\ScenarioStubs)::S009 credit sale b2 creates ar" class="Tests\Feature\V3\Scenarios\ScenarioStubsTest" classname="Tests.Feature.V3.Scenarios.ScenarioStubsTest" assertions="3" time="0.100074"/>
      <testcase name="S017 customer payment b4 allocates correctly" file="Scenario Stubs (Tests\Feature\V3\Scenarios\ScenarioStubs)::S017 customer payment b4 allocates correctly" class="Tests\Feature\V3\Scenarios\ScenarioStubsTest" classname="Tests.Feature.V3.Scenarios.ScenarioStubsTest" assertions="4" time="0.180749"/>
      <testcase name="S029 split payment cash and bank" file="Scenario Stubs (Tests\Feature\V3\Scenarios\ScenarioStubs)::S029 split payment cash and bank" class="Tests\Feature\V3\Scenarios\ScenarioStubsTest" classname="Tests.Feature.V3.Scenarios.ScenarioStubsTest" assertions="7" time="0.127476"/>
      <testcase name="S049 cash sale fifo spans three batches" file="Scenario Stubs (Tests\Feature\V3\Scenarios\ScenarioStubs)::S049 cash sale fifo spans three batches" class="Tests\Feature\V3\Scenarios\ScenarioStubsTest" classname="Tests.Feature.V3.Scenarios.ScenarioStubsTest" assertions="10" time="0.120583"/>
    </testsuite>
    <testsuite name="Tests\Feature\V3\Scenarios\SettlementAndReportServiceTest" file="Settlement And Report Service (Tests\Feature\V3\Scenarios\SettlementAndReportService)" tests="9" assertions="40" errors="0" failures="0" skipped="0" time="0.800238">
      <testcase name="B27 posts correct composite journal entry" file="Settlement And Report Service (Tests\Feature\V3\Scenarios\SettlementAndReportService)::B27 posts correct composite journal entry" class="Tests\Feature\V3\Scenarios\SettlementAndReportServiceTest" classname="Tests.Feature.V3.Scenarios.SettlementAndReportServiceTest" assertions="7" time="0.105533"/>
      <testcase name="B27 marks employee as terminated" file="Settlement And Report Service (Tests\Feature\V3\Scenarios\SettlementAndReportService)::B27 marks employee as terminated" class="Tests\Feature\V3\Scenarios\SettlementAndReportServiceTest" classname="Tests.Feature.V3.Scenarios.SettlementAndReportServiceTest" assertions="1" time="0.091196"/>
      <testcase name="B27 requires approved by on journal entry" file="Settlement And Report Service (Tests\Feature\V3\Scenarios\SettlementAndReportService)::B27 requires approved by on journal entry" class="Tests\Feature\V3\Scenarios\SettlementAndReportServiceTest" classname="Tests.Feature.V3.Scenarios.SettlementAndReportServiceTest" assertions="1" time="0.093456"/>
      <testcase name="Trial balance debits equal credits" file="Settlement And Report Service (Tests\Feature\V3\Scenarios\SettlementAndReportService)::Trial balance debits equal credits" class="Tests\Feature\V3\Scenarios\SettlementAndReportServiceTest" classname="Tests.Feature.V3.Scenarios.SettlementAndReportServiceTest" assertions="4" time="0.076565"/>
      <testcase name="Profit and loss calculates correctly" file="Settlement And Report Service (Tests\Feature\V3\Scenarios\SettlementAndReportService)::Profit and loss calculates correctly" class="Tests\Feature\V3\Scenarios\SettlementAndReportServiceTest" classname="Tests.Feature.V3.Scenarios.SettlementAndReportServiceTest" assertions="12" time="0.098872"/>
      <testcase name="Balance sheet balances to the paisa" file="Settlement And Report Service (Tests\Feature\V3\Scenarios\SettlementAndReportService)::Balance sheet balances to the paisa" class="Tests\Feature\V3\Scenarios\SettlementAndReportServiceTest" classname="Tests.Feature.V3.Scenarios.SettlementAndReportServiceTest" assertions="4" time="0.078122"/>
      <testcase name="Inventory valuation matches batch totals" file="Settlement And Report Service (Tests\Feature\V3\Scenarios\SettlementAndReportService)::Inventory valuation matches batch totals" class="Tests\Feature\V3\Scenarios\SettlementAndReportServiceTest" classname="Tests.Feature.V3.Scenarios.SettlementAndReportServiceTest" assertions="2" time="0.074723"/>
      <testcase name="Aged receivables buckets invoices correctly" file="Settlement And Report Service (Tests\Feature\V3\Scenarios\SettlementAndReportService)::Aged receivables buckets invoices correctly" class="Tests\Feature\V3\Scenarios\SettlementAndReportServiceTest" classname="Tests.Feature.V3.Scenarios.SettlementAndReportServiceTest" assertions="7" time="0.078790"/>
      <testcase name="Reversed entries are excluded from reports" file="Settlement And Report Service (Tests\Feature\V3\Scenarios\SettlementAndReportService)::Reversed entries are excluded from reports" class="Tests\Feature\V3\Scenarios\SettlementAndReportServiceTest" classname="Tests.Feature.V3.Scenarios.SettlementAndReportServiceTest" assertions="2" time="0.102983"/>
    </testsuite>
    <testsuite name="Tests\Feature\V3\Scenarios\TaxAndUomServiceTest" file="Tax And Uom Service (Tests\Feature\V3\Scenarios\TaxAndUomService)" tests="10" assertions="23" errors="0" failures="0" skipped="0" time="0.640124">
      <testcase name="It calculates tax exclusive correctly" file="Tax And Uom Service (Tests\Feature\V3\Scenarios\TaxAndUomService)::It calculates tax exclusive correctly" class="Tests\Feature\V3\Scenarios\TaxAndUomServiceTest" classname="Tests.Feature.V3.Scenarios.TaxAndUomServiceTest" assertions="3" time="0.070337"/>
      <testcase name="It calculates tax inclusive correctly" file="Tax And Uom Service (Tests\Feature\V3\Scenarios\TaxAndUomService)::It calculates tax inclusive correctly" class="Tests\Feature\V3\Scenarios\TaxAndUomServiceTest" classname="Tests.Feature.V3.Scenarios.TaxAndUomServiceTest" assertions="3" time="0.058126"/>
      <testcase name="It handles zero tax rate" file="Tax And Uom Service (Tests\Feature\V3\Scenarios\TaxAndUomService)::It handles zero tax rate" class="Tests\Feature\V3\Scenarios\TaxAndUomServiceTest" classname="Tests.Feature.V3.Scenarios.TaxAndUomServiceTest" assertions="3" time="0.065163"/>
      <testcase name="It returns tax report with 2100 and 2300 breakdown" file="Tax And Uom Service (Tests\Feature\V3\Scenarios\TaxAndUomService)::It returns tax report with 2100 and 2300 breakdown" class="Tests\Feature\V3\Scenarios\TaxAndUomServiceTest" classname="Tests.Feature.V3.Scenarios.TaxAndUomServiceTest" assertions="6" time="0.064743"/>
      <testcase name="Advance receipt produces zero tax" file="Tax And Uom Service (Tests\Feature\V3\Scenarios\TaxAndUomService)::Advance receipt produces zero tax" class="Tests\Feature\V3\Scenarios\TaxAndUomServiceTest" classname="Tests.Feature.V3.Scenarios.TaxAndUomServiceTest" assertions="3" time="0.066495"/>
      <testcase name="It converts grams to kg correctly" file="Tax And Uom Service (Tests\Feature\V3\Scenarios\TaxAndUomService)::It converts grams to kg correctly" class="Tests\Feature\V3\Scenarios\TaxAndUomServiceTest" classname="Tests.Feature.V3.Scenarios.TaxAndUomServiceTest" assertions="1" time="0.061393"/>
      <testcase name="It returns same qty when uom matches base" file="Tax And Uom Service (Tests\Feature\V3\Scenarios\TaxAndUomService)::It returns same qty when uom matches base" class="Tests\Feature\V3\Scenarios\TaxAndUomServiceTest" classname="Tests.Feature.V3.Scenarios.TaxAndUomServiceTest" assertions="1" time="0.067961"/>
      <testcase name="It throws for unknown uom" file="Tax And Uom Service (Tests\Feature\V3\Scenarios\TaxAndUomService)::It throws for unknown uom" class="Tests\Feature\V3\Scenarios\TaxAndUomServiceTest" classname="Tests.Feature.V3.Scenarios.TaxAndUomServiceTest" assertions="1" time="0.059793"/>
      <testcase name="It returns the correct conversion factor" file="Tax And Uom Service (Tests\Feature\V3\Scenarios\TaxAndUomService)::It returns the correct conversion factor" class="Tests\Feature\V3\Scenarios\TaxAndUomServiceTest" classname="Tests.Feature.V3.Scenarios.TaxAndUomServiceTest" assertions="1" time="0.065828"/>
      <testcase name="It handles fractional conversions correctly" file="Tax And Uom Service (Tests\Feature\V3\Scenarios\TaxAndUomService)::It handles fractional conversions correctly" class="Tests\Feature\V3\Scenarios\TaxAndUomServiceTest" classname="Tests.Feature.V3.Scenarios.TaxAndUomServiceTest" assertions="1" time="0.060284"/>
    </testsuite>
    <testsuite name="Tests\Feature\V3\SmokeTest" file="Smoke (Tests\Feature\V3\Smoke)" tests="7" assertions="15" errors="0" failures="0" skipped="0" time="1.135018">
      <testcase name="Database connection is live" file="Smoke (Tests\Feature\V3\Smoke)::Database connection is live" class="Tests\Feature\V3\SmokeTest" classname="Tests.Feature.V3.SmokeTest" assertions="1" time="0.065269"/>
      <testcase name="All 38 accounts are seeded" file="Smoke (Tests\Feature\V3\Smoke)::All 38 accounts are seeded" class="Tests\Feature\V3\SmokeTest" classname="Tests.Feature.V3.SmokeTest" assertions="1" time="0.122466"/>
      <testcase name="Trial balance is balanced" file="Smoke (Tests\Feature\V3\Smoke)::Trial balance is balanced" class="Tests\Feature\V3\SmokeTest" classname="Tests.Feature.V3.SmokeTest" assertions="1" time="0.200843"/>
      <testcase name="Account 1100 reconciles to inventory batches" file="Smoke (Tests\Feature\V3\Smoke)::Account 1100 reconciles to inventory batches" class="Tests\Feature\V3\SmokeTest" classname="Tests.Feature.V3.SmokeTest" assertions="1" time="0.162586"/>
      <testcase name="Account 7000 nets to zero" file="Smoke (Tests\Feature\V3\Smoke)::Account 7000 nets to zero" class="Tests\Feature\V3\SmokeTest" classname="Tests.Feature.V3.SmokeTest" assertions="1" time="0.145265"/>
      <testcase name="Dashboard endpoint returns 200" file="Smoke (Tests\Feature\V3\Smoke)::Dashboard endpoint returns 200" class="Tests\Feature\V3\SmokeTest" classname="Tests.Feature.V3.SmokeTest" assertions="8" time="0.348683"/>
      <testcase name="Ping endpoint returns ok" file="Smoke (Tests\Feature\V3\Smoke)::Ping endpoint returns ok" class="Tests\Feature\V3\SmokeTest" classname="Tests.Feature.V3.SmokeTest" assertions="2" time="0.089906"/>
    </testsuite>
  </testsuite>
</testsuites>
